TN:
SF:/home/cgalant/Source/EspNomad/lib/SyntropicOS/src/syntropic/cli/syn_cli.c
FN:45,cli_putchar
FN:56,cli_puts
FN:76,cli_tokenize
FN:107,cli_dispatch
FN:235,syn_cli_init
FN:250,syn_cli_set_echo
FN:256,syn_cli_process_char
FN:371,syn_cli_process_line
FN:384,syn_cli_print_prompt
FN:391,syn_cli_printf
FN:420,syn_cli_set_errlog
FN:423,syn_cli_set_scheduler
FN:430,cli_builtin_version
FN:457,cli_builtin_uptime
FN:480,cli_builtin_errors
FN:536,cli_builtin_tasks
FNDA:1,cli_builtin_uptime
FNDA:27,syn_cli_init
FNDA:36,cli_dispatch
FNDA:4,cli_builtin_errors
FNDA:261,cli_puts
FNDA:16,syn_cli_print_prompt
FNDA:36,cli_tokenize
FNDA:210,syn_cli_process_char
FNDA:1,syn_cli_printf
FNDA:1,cli_builtin_version
FNDA:23,syn_cli_process_line
FNDA:3,cli_builtin_tasks
FNDA:7,syn_cli_set_errlog
FNDA:300,cli_putchar
FNDA:4,syn_cli_set_echo
FNDA:5,syn_cli_set_scheduler
FNF:16
FNH:16
BRDA:59,0,0,0
BRDA:59,0,1,261
BRDA:61,0,0,261
BRDA:61,0,1,0
BRDA:81,0,0,35
BRDA:81,0,1,35
BRDA:81,0,2,35
BRDA:81,0,3,0
BRDA:83,0,0,3
BRDA:83,0,1,35
BRDA:83,0,2,0
BRDA:83,0,3,35
BRDA:84,0,0,1
BRDA:84,0,1,34
BRDA:87,0,0,1
BRDA:87,0,1,33
BRDA:90,0,0,12
BRDA:90,0,1,0
BRDA:90,0,2,11
BRDA:90,0,3,1
BRDA:91,0,0,1
BRDA:91,0,1,0
BRDA:94,0,0,259
BRDA:94,0,1,27
BRDA:94,0,2,253
BRDA:94,0,3,6
BRDA:94,0,4,253
BRDA:94,0,5,0
BRDA:95,0,0,6
BRDA:95,0,1,27
BRDA:112,0,0,8
BRDA:112,0,1,28
BRDA:117,0,0,24
BRDA:117,0,1,4
BRDA:117,0,2,1
BRDA:117,0,3,23
BRDA:135,0,0,17
BRDA:135,0,1,5
BRDA:138,0,0,13
BRDA:138,0,1,4
BRDA:141,0,0,141
BRDA:141,0,1,13
BRDA:154,0,0,1
BRDA:154,0,1,22
BRDA:162,0,0,1
BRDA:162,0,1,21
BRDA:170,0,0,4
BRDA:170,0,1,17
BRDA:178,0,0,3
BRDA:178,0,1,14
BRDA:185,0,0,25
BRDA:185,0,1,3
BRDA:186,0,0,11
BRDA:186,0,1,14
BRDA:187,0,0,10
BRDA:187,0,1,1
BRDA:189,0,0,1
BRDA:189,0,1,9
BRDA:240,0,0,0
BRDA:240,0,1,27
BRDA:245,0,0,27
BRDA:245,0,1,0
BRDA:252,0,0,0
BRDA:252,0,1,4
BRDA:258,0,0,0
BRDA:258,0,1,210
BRDA:261,0,0,3
BRDA:261,0,1,207
BRDA:262,0,0,2
BRDA:262,0,1,1
BRDA:266,0,0,2
BRDA:266,0,1,205
BRDA:268,0,0,1
BRDA:268,0,1,1
BRDA:271,0,0,3
BRDA:271,0,1,203
BRDA:277,0,0,191
BRDA:277,0,1,12
BRDA:277,0,2,1
BRDA:277,0,3,190
BRDA:278,0,0,10
BRDA:278,0,1,3
BRDA:296,0,0,187
BRDA:296,0,1,3
BRDA:296,0,2,1
BRDA:296,0,3,186
BRDA:297,0,0,2
BRDA:297,0,1,2
BRDA:299,0,0,1
BRDA:299,0,1,1
BRDA:307,0,0,2
BRDA:307,0,1,184
BRDA:308,0,0,1
BRDA:308,0,1,1
BRDA:317,0,0,2
BRDA:317,0,1,182
BRDA:318,0,0,5
BRDA:318,0,1,2
BRDA:320,0,0,2
BRDA:320,0,1,3
BRDA:352,0,0,5
BRDA:352,0,1,177
BRDA:352,0,2,4
BRDA:352,0,3,1
BRDA:357,0,0,1
BRDA:357,0,1,177
BRDA:362,0,0,167
BRDA:362,0,1,11
BRDA:364,0,0,159
BRDA:364,0,1,8
BRDA:373,0,0,0
BRDA:373,0,1,23
BRDA:374,0,0,0
BRDA:374,0,1,23
BRDA:386,0,0,0
BRDA:386,0,1,16
BRDA:393,0,0,0
BRDA:393,0,1,1
BRDA:401,0,0,1
BRDA:401,0,1,0
BRDA:482,0,0,1
BRDA:482,0,1,3
BRDA:498,0,0,1
BRDA:498,0,1,2
BRDA:503,0,0,4
BRDA:503,0,1,2
BRDA:504,0,0,0
BRDA:504,0,1,4
BRDA:511,0,0,3
BRDA:511,0,1,1
BRDA:538,0,0,1
BRDA:538,0,1,2
BRDA:546,0,0,4
BRDA:546,0,1,2
BRDA:549,0,0,3
BRDA:549,0,1,1
BRDA:557,0,0,3
BRDA:557,0,1,1
BRF:138
BRH:121
DA:45,300
DA:48,300
DA:49,300
DA:56,261
DA:59,261
DA:60,261
DA:61,261
DA:62,261
DA:76,36
DA:78,36
DA:79,36
DA:81,70
DA:83,38
DA:84,35
DA:87,34
DA:88,1
DA:89,1
DA:90,12
DA:91,1
DA:93,33
DA:94,286
DA:95,33
DA:99,36
DA:107,36
DA:110,36
DA:112,36
DA:113,33
DA:117,28
DA:118,5
DA:121,5
DA:123,5
DA:126,5
DA:129,5
DA:132,5
DA:135,22
DA:136,17
DA:137,17
DA:138,17
DA:140,13
DA:141,154
DA:142,141
DA:144,13
DA:145,13
DA:147,17
DA:149,5
DA:154,23
DA:155,1
DA:156,1
DA:162,22
DA:163,1
DA:164,1
DA:170,21
DA:171,4
DA:172,4
DA:178,17
DA:179,3
DA:180,3
DA:185,28
DA:186,25
DA:187,11
DA:188,10
DA:189,10
DA:191,1
DA:193,1
DA:194,1
DA:195,1
DA:196,1
DA:199,11
DA:204,3
DA:205,3
DA:206,3
DA:235,27
DA:240,27
DA:242,27
DA:243,27
DA:244,27
DA:245,27
DA:246,27
DA:247,27
DA:248,27
DA:250,4
DA:252,4
DA:253,4
DA:254,4
DA:256,210
DA:258,210
DA:261,210
DA:262,3
DA:263,1
DA:264,3
DA:266,207
DA:267,2
DA:268,2
DA:269,1
DA:271,206
DA:272,3
DA:273,3
DA:277,203
DA:278,13
DA:279,10
DA:282,13
DA:288,13
DA:290,13
DA:291,13
DA:292,13
DA:296,190
DA:297,4
DA:298,2
DA:299,2
DA:300,1
DA:303,4
DA:307,186
DA:308,2
DA:309,1
DA:311,2
DA:312,2
DA:313,2
DA:317,184
DA:318,9
DA:319,5
DA:320,5
DA:321,3
DA:324,2
DA:352,182
DA:353,4
DA:357,178
DA:358,1
DA:362,178
DA:363,167
DA:364,167
DA:365,159
DA:371,23
DA:373,23
DA:374,23
DA:377,23
DA:378,23
DA:379,23
DA:381,23
DA:382,23
DA:384,16
DA:386,16
DA:387,16
DA:388,16
DA:391,1
DA:393,1
DA:397,1
DA:398,1
DA:399,1
DA:401,1
DA:402,1
DA:403,1
DA:405,1
DA:420,7
DA:423,5
DA:430,1
DA:433,1
DA:435,1
DA:436,1
DA:437,1
DA:438,1
DA:439,1
DA:440,1
DA:441,1
DA:442,1
DA:443,1
DA:444,1
DA:445,1
DA:446,1
DA:447,1
DA:448,1
DA:449,1
DA:457,1
DA:460,1
DA:461,1
DA:462,1
DA:463,1
DA:464,1
DA:466,1
DA:467,1
DA:468,1
DA:469,1
DA:470,1
DA:471,1
DA:472,1
DA:480,4
DA:482,4
DA:483,1
DA:484,2
DA:488,3
DA:490,3
DA:491,3
DA:492,3
DA:493,3
DA:494,3
DA:495,3
DA:496,3
DA:498,3
DA:503,6
DA:504,4
DA:506,4
DA:507,4
DA:508,4
DA:509,4
DA:511,4
DA:512,4
DA:514,4
DA:515,4
DA:516,4
DA:518,4
DA:519,4
DA:520,4
DA:522,4
DA:523,4
DA:524,4
DA:526,4
DA:536,3
DA:538,3
DA:539,1
DA:540,1
DA:544,2
DA:546,6
DA:547,4
DA:548,4
DA:549,4
DA:550,4
DA:551,4
DA:552,4
DA:557,4
DA:558,4
DA:559,4
LF:230
LH:230
end_of_record
TN:
SF:/home/cgalant/Source/EspNomad/lib/SyntropicOS/src/syntropic/common/syn_barrier.h
FN:88,syn_store_release
FN:104,syn_load_acquire
FNDA:706,syn_load_acquire
FNDA:533,syn_store_release
FNF:2
FNH:2
DA:88,533
DA:90,533
DA:91,533
DA:92,533
DA:93,533
DA:104,706
DA:106,706
DA:107,706
DA:108,706
DA:109,706
LF:10
LH:10
end_of_record
TN:
SF:/home/cgalant/Source/EspNomad/lib/SyntropicOS/src/syntropic/control/syn_autotune.c
FN:17,apply_raw_output
FN:25,emergency_stop
FN:35,ramp_output
FN:42,write_log
FN:57,safety_ok
FN:105,syn_autotune_init
FN:160,syn_autotune_update
FN:549,syn_autotune_apply
FN:562,syn_autotune_abort
FN:569,syn_autotune_start
FNDA:37,safety_ok
FNDA:3,ramp_output
FNDA:2,syn_autotune_abort
FNDA:37,write_log
FNDA:2,syn_autotune_apply
FNDA:14,syn_autotune_init
FNDA:8,syn_autotune_start
FNDA:2,emergency_stop
FNDA:36,apply_raw_output
FNDA:37,syn_autotune_update
FNF:10
FNH:10
BRDA:20,0,0,36
BRDA:20,0,1,0
BRDA:27,0,0,0
BRDA:27,0,1,2
BRDA:38,0,0,3
BRDA:38,0,1,0
BRDA:38,0,2,2
BRDA:38,0,3,1
BRDA:44,0,0,36
BRDA:44,0,1,1
BRDA:63,0,0,0
BRDA:63,0,1,37
BRDA:64,0,0,0
BRDA:64,0,1,37
BRDA:66,0,0,21
BRDA:66,0,1,16
BRDA:67,0,0,0
BRDA:67,0,1,21
BRDA:74,0,0,12
BRDA:74,0,1,25
BRDA:74,0,2,0
BRDA:74,0,3,12
BRDA:75,0,0,25
BRDA:75,0,1,0
BRDA:76,0,0,1
BRDA:76,0,1,24
BRDA:83,0,0,0
BRDA:83,0,1,36
BRDA:85,0,0,-
BRDA:85,0,1,-
BRDA:92,0,0,36
BRDA:92,0,1,0
BRDA:92,0,2,0
BRDA:92,0,3,36
BRDA:93,0,0,-
BRDA:93,0,1,-
BRDA:94,0,0,-
BRDA:94,0,1,-
BRDA:108,0,0,0
BRDA:108,0,1,14
BRDA:109,0,0,0
BRDA:109,0,1,14
BRDA:110,0,0,0
BRDA:110,0,1,14
BRDA:117,0,0,14
BRDA:117,0,1,0
BRDA:118,0,0,14
BRDA:118,0,1,0
BRDA:119,0,0,4
BRDA:119,0,1,10
BRDA:120,0,0,13
BRDA:120,0,1,1
BRDA:121,0,0,12
BRDA:121,0,1,2
BRDA:122,0,0,6
BRDA:122,0,1,8
BRDA:126,0,0,14
BRDA:126,0,1,0
BRDA:132,0,0,0
BRDA:132,0,1,14
BRDA:134,0,0,14
BRDA:134,0,1,0
BRDA:144,0,0,12
BRDA:144,0,1,2
BRDA:151,0,0,0
BRDA:151,0,1,14
BRDA:162,0,0,0
BRDA:162,0,1,37
BRDA:164,0,0,37
BRDA:164,0,1,0
BRDA:164,0,2,37
BRDA:164,0,3,0
BRDA:165,0,0,0
BRDA:165,0,1,37
BRDA:180,0,0,1
BRDA:180,0,1,36
BRDA:190,0,0,7
BRDA:190,0,1,3
BRDA:190,0,2,3
BRDA:190,0,3,6
BRDA:190,0,4,3
BRDA:190,0,5,1
BRDA:190,0,6,1
BRDA:190,0,7,6
BRDA:190,0,8,6
BRDA:190,0,9,0
BRDA:196,0,0,0
BRDA:196,0,1,7
BRDA:200,0,0,2
BRDA:200,0,1,5
BRDA:204,0,0,2
BRDA:204,0,1,3
BRDA:208,0,0,0
BRDA:208,0,1,2
BRDA:218,0,0,0
BRDA:218,0,1,3
BRDA:218,0,2,0
BRDA:218,0,3,0
BRDA:222,0,0,3
BRDA:222,0,1,0
BRDA:223,0,0,3
BRDA:223,0,1,0
BRDA:223,0,2,1
BRDA:223,0,3,2
BRDA:235,0,0,3
BRDA:235,0,1,0
BRDA:236,0,0,2
BRDA:236,0,1,1
BRDA:236,0,2,1
BRDA:236,0,3,1
BRDA:238,0,0,1
BRDA:238,0,1,2
BRDA:241,0,0,1
BRDA:241,0,1,0
BRDA:248,0,0,2
BRDA:248,0,1,1
BRDA:250,0,0,1
BRDA:250,0,1,1
BRDA:265,0,0,1
BRDA:265,0,1,5
BRDA:270,0,0,3
BRDA:270,0,1,2
BRDA:273,0,0,0
BRDA:273,0,1,3
BRDA:274,0,0,3
BRDA:274,0,1,0
BRDA:274,0,2,1
BRDA:274,0,3,2
BRDA:284,0,0,3
BRDA:284,0,1,3
BRDA:285,0,0,1
BRDA:285,0,1,2
BRDA:286,0,0,0
BRDA:286,0,1,1
BRDA:291,0,0,0
BRDA:291,0,1,1
BRDA:291,0,2,0
BRDA:291,0,3,0
BRDA:308,0,0,1
BRDA:308,0,1,2
BRDA:309,0,0,1
BRDA:309,0,1,0
BRDA:327,0,0,1
BRDA:327,0,1,0
BRDA:328,0,0,1
BRDA:328,0,1,0
BRDA:329,0,0,0
BRDA:329,0,1,1
BRDA:333,0,0,0
BRDA:333,0,1,1
BRDA:333,0,2,0
BRDA:333,0,3,0
BRDA:347,0,0,1
BRDA:347,0,1,0
BRDA:348,0,0,1
BRDA:348,0,1,0
BRDA:353,0,0,1
BRDA:353,0,1,0
BRDA:354,0,0,1
BRDA:354,0,1,0
BRDA:358,0,0,1
BRDA:358,0,1,0
BRDA:360,0,0,12
BRDA:360,0,1,1
BRDA:360,0,2,12
BRDA:360,0,3,0
BRDA:370,0,0,1
BRDA:370,0,1,0
BRDA:370,0,2,1
BRDA:370,0,3,0
BRDA:371,0,0,1
BRDA:371,0,1,0
BRDA:374,0,0,1
BRDA:374,0,1,0
BRDA:374,0,2,0
BRDA:374,0,3,1
BRDA:383,0,0,-
BRDA:383,0,1,-
BRDA:393,0,0,1
BRDA:393,0,1,0
BRDA:407,0,0,6
BRDA:407,0,1,0
BRDA:410,0,0,0
BRDA:410,0,1,6
BRDA:411,0,0,-
BRDA:411,0,1,-
BRDA:413,0,0,0
BRDA:413,0,1,6
BRDA:417,0,0,0
BRDA:417,0,1,6
BRDA:418,0,0,0
BRDA:418,0,1,6
BRDA:421,0,0,0
BRDA:421,0,1,6
BRDA:424,0,0,-
BRDA:424,0,1,-
BRDA:426,0,0,-
BRDA:426,0,1,-
BRDA:431,0,0,-
BRDA:431,0,1,-
BRDA:431,0,2,-
BRDA:431,0,3,-
BRDA:435,0,0,-
BRDA:435,0,1,-
BRDA:445,0,0,-
BRDA:445,0,1,-
BRDA:450,0,0,6
BRDA:450,0,1,0
BRDA:459,0,0,5
BRDA:459,0,1,1
BRDA:461,0,0,1
BRDA:461,0,1,5
BRDA:466,0,0,0
BRDA:466,0,1,6
BRDA:470,0,0,63
BRDA:470,0,1,0
BRDA:473,0,0,0
BRDA:473,0,1,63
BRDA:475,0,0,61
BRDA:475,0,1,2
BRDA:475,0,2,57
BRDA:475,0,3,4
BRDA:483,0,0,1
BRDA:483,0,1,1
BRDA:483,0,2,4
BRDA:483,0,3,0
BRDA:499,0,0,0
BRDA:499,0,1,4
BRDA:508,0,0,1
BRDA:508,0,1,5
BRDA:520,0,0,1
BRDA:520,0,1,5
BRDA:530,0,0,3
BRDA:530,0,1,2
BRDA:530,0,2,2
BRDA:530,0,3,1
BRDA:530,0,4,2
BRDA:530,0,5,0
BRDA:530,0,6,1
BRDA:530,0,7,2
BRDA:530,0,8,0
BRDA:530,0,9,1
BRDA:551,0,0,0
BRDA:551,0,1,2
BRDA:552,0,0,1
BRDA:552,0,1,1
BRDA:564,0,0,1
BRDA:564,0,1,1
BRDA:565,0,0,0
BRDA:565,0,1,1
BRDA:574,0,0,0
BRDA:574,0,1,8
BRDA:575,0,0,0
BRDA:575,0,1,8
BRDA:576,0,0,0
BRDA:576,0,1,8
BRF:256
BRH:156
DA:17,36
DA:19,36
DA:20,36
DA:21,36
DA:23,36
DA:25,2
DA:27,2
DA:28,2
DA:29,2
DA:30,2
DA:31,2
DA:35,3
DA:37,3
DA:38,3
DA:39,1
DA:42,37
DA:44,37
DA:46,1
DA:47,1
DA:48,1
DA:49,1
DA:50,1
DA:53,1
DA:57,37
DA:59,37
DA:62,37
DA:63,37
DA:64,37
DA:66,37
DA:67,21
DA:68,0
DA:69,0
DA:74,37
DA:75,25
DA:76,25
DA:77,1
DA:78,1
DA:83,36
DA:84,0
DA:85,0
DA:86,0
DA:87,0
DA:92,36
DA:93,0
DA:94,0
DA:95,0
DA:96,0
DA:100,36
DA:105,14
DA:108,14
DA:109,14
DA:110,14
DA:112,14
DA:113,14
DA:114,14
DA:117,14
DA:118,14
DA:119,14
DA:120,14
DA:121,14
DA:122,14
DA:125,14
DA:126,14
DA:127,14
DA:129,14
DA:130,14
DA:131,14
DA:132,14
DA:133,14
DA:134,14
DA:137,14
DA:139,14
DA:140,14
DA:141,14
DA:142,14
DA:144,14
DA:145,12
DA:146,12
DA:148,2
DA:151,14
DA:152,0
DA:153,0
DA:154,0
DA:157,14
DA:160,37
DA:162,37
DA:164,37
DA:165,37
DA:166,0
DA:170,37
DA:171,37
DA:172,37
DA:173,37
DA:174,37
DA:175,37
DA:177,37
DA:180,37
DA:181,1
DA:182,1
DA:184,36
DA:186,36
DA:188,36
DA:190,36
DA:193,7
DA:194,7
DA:195,7
DA:196,7
DA:200,7
DA:201,2
DA:202,2
DA:203,2
DA:204,5
DA:206,2
DA:207,2
DA:208,2
DA:209,0
DA:212,7
DA:216,3
DA:217,3
DA:218,3
DA:219,3
DA:220,3
DA:221,3
DA:222,3
DA:223,3
DA:224,1
DA:225,1
DA:226,1
DA:227,1
DA:230,3
DA:233,3
DA:235,6
DA:236,3
DA:238,3
DA:239,1
DA:240,1
DA:241,1
DA:243,2
DA:245,3
DA:246,3
DA:248,3
DA:249,2
DA:250,2
DA:251,1
DA:252,1
DA:254,1
DA:257,3
DA:261,6
DA:262,6
DA:265,6
DA:267,1
DA:268,1
DA:269,1
DA:270,5
DA:273,3
DA:274,3
DA:275,1
DA:276,1
DA:277,1
DA:278,1
DA:279,1
DA:284,6
DA:285,3
DA:286,1
DA:287,1
DA:288,1
DA:291,1
DA:292,1
DA:293,1
DA:294,1
DA:295,1
DA:296,1
DA:300,6
DA:303,3
DA:304,3
DA:305,3
DA:306,3
DA:308,3
DA:309,1
DA:310,1
DA:314,1
DA:315,1
DA:316,1
DA:317,1
DA:318,1
DA:319,1
DA:321,3
DA:324,1
DA:325,1
DA:327,1
DA:328,1
DA:329,1
DA:330,1
DA:331,1
DA:333,1
DA:334,1
DA:335,1
DA:339,1
DA:342,1
DA:343,1
DA:344,1
DA:345,1
DA:347,1
DA:348,1
DA:349,1
DA:351,1
DA:352,1
DA:353,1
DA:354,1
DA:356,1
DA:357,1
DA:358,1
DA:360,13
DA:361,12
DA:363,1
DA:364,1
DA:370,1
DA:371,1
DA:372,1
DA:373,1
DA:374,1
DA:375,0
DA:376,0
DA:380,0
DA:381,0
DA:383,0
DA:384,0
DA:391,1
DA:392,1
DA:393,1
DA:394,1
DA:396,0
DA:399,1
DA:402,6
DA:406,6
DA:407,6
DA:409,6
DA:410,6
DA:411,0
DA:413,6
DA:417,6
DA:418,6
DA:421,6
DA:422,0
DA:424,0
DA:425,0
DA:426,0
DA:427,0
DA:428,0
DA:431,0
DA:432,0
DA:433,0
DA:435,0
DA:436,0
DA:439,0
DA:440,0
DA:441,0
DA:443,0
DA:444,0
DA:445,0
DA:448,6
DA:450,6
DA:451,6
DA:452,6
DA:453,6
DA:456,6
DA:457,12
DA:458,5
DA:459,6
DA:460,6
DA:461,6
DA:464,6
DA:465,6
DA:466,6
DA:469,6
DA:470,63
DA:471,63
DA:472,63
DA:473,63
DA:474,63
DA:475,63
DA:476,57
DA:478,6
DA:479,6
DA:482,6
DA:483,6
DA:484,1
DA:486,1
DA:487,1
DA:488,1
DA:489,1
DA:490,1
DA:491,1
DA:492,1
DA:493,1
DA:494,1
DA:495,4
DA:498,4
DA:499,4
DA:500,0
DA:501,0
DA:503,4
DA:504,4
DA:508,6
DA:509,1
DA:510,1
DA:511,1
DA:514,6
DA:518,6
DA:519,6
DA:520,6
DA:521,1
DA:522,1
DA:523,1
DA:524,1
DA:527,5
DA:528,5
DA:530,5
DA:531,2
DA:532,2
DA:533,2
DA:535,3
DA:536,3
DA:539,5
DA:542,0
DA:543,0
DA:546,36
DA:549,2
DA:551,2
DA:552,2
DA:554,1
DA:555,1
DA:556,1
DA:557,1
DA:558,1
DA:559,1
DA:562,2
DA:564,2
DA:565,1
DA:566,1
DA:569,8
DA:574,8
DA:575,8
DA:576,8
DA:578,8
DA:585,8
DA:589,8
LF:347
LH:303
end_of_record
TN:
SF:/home/cgalant/Source/EspNomad/lib/SyntropicOS/src/syntropic/control/syn_autotune.h
FN:305,syn_autotune_abort_reason
FNDA:2,syn_autotune_abort_reason
FNF:1
FNH:1
DA:305,2
LF:1
LH:1
end_of_record
TN:
SF:/home/cgalant/Source/EspNomad/lib/SyntropicOS/src/syntropic/control/syn_control_stats.c
FN:6,syn_control_stats_reset
FN:12,syn_control_stats_update
FN:41,syn_control_stats_report
FNDA:21,syn_control_stats_update
FNDA:7,syn_control_stats_report
FNDA:8,syn_control_stats_reset
FNF:3
FNH:3
BRDA:8,0,0,0
BRDA:8,0,1,8
BRDA:14,0,0,0
BRDA:14,0,1,21
BRDA:20,0,0,6
BRDA:20,0,1,15
BRDA:28,0,0,15
BRDA:28,0,1,6
BRDA:30,0,0,1
BRDA:30,0,1,14
BRDA:43,0,0,0
BRDA:43,0,1,7
BRDA:44,0,0,0
BRDA:44,0,1,7
BRDA:46,0,0,1
BRDA:46,0,1,6
BRF:16
BRH:12
DA:6,8
DA:8,8
DA:9,8
DA:10,8
DA:12,21
DA:14,21
DA:16,21
DA:19,21
DA:20,21
DA:21,6
DA:25,21
DA:28,21
DA:29,15
DA:30,15
DA:32,21
DA:36,21
DA:38,21
DA:39,21
DA:41,7
DA:43,7
DA:44,7
DA:46,7
DA:47,1
DA:48,1
DA:51,6
DA:54,6
DA:58,6
DA:59,6
DA:62,6
DA:65,6
LF:30
LH:30
end_of_record
TN:
SF:/home/cgalant/Source/EspNomad/lib/SyntropicOS/src/syntropic/control/syn_pid.c
FN:21,syn_pid_init
FN:47,syn_pid_update
FN:105,syn_pid_reset
FN:115,syn_pid_set_gains
FN:123,syn_pid_set_limits
FNDA:1,syn_pid_set_limits
FNDA:78,syn_pid_reset
FNDA:41,syn_pid_init
FNDA:116,syn_pid_update
FNDA:4,syn_pid_set_gains
FNF:5
FNH:5
BRDA:23,0,0,0
BRDA:23,0,1,41
BRDA:24,0,0,0
BRDA:24,0,1,41
BRDA:25,0,0,0
BRDA:25,0,1,41
BRDA:36,0,0,40
BRDA:36,0,1,1
BRDA:37,0,0,11
BRDA:37,0,1,29
BRDA:50,0,0,0
BRDA:50,0,1,116
BRDA:52,0,0,1
BRDA:52,0,1,115
BRDA:61,0,0,114
BRDA:61,0,1,2
BRDA:62,0,0,6
BRDA:62,0,1,108
BRDA:74,0,0,35
BRDA:74,0,1,81
BRDA:83,0,0,104
BRDA:83,0,1,12
BRDA:83,0,2,102
BRDA:83,0,3,2
BRDA:93,0,0,9
BRDA:93,0,1,107
BRDA:96,0,0,37
BRDA:96,0,1,79
BRDA:96,0,2,1
BRDA:96,0,3,36
BRDA:97,0,0,9
BRDA:97,0,1,71
BRDA:97,0,2,8
BRDA:97,0,3,1
BRDA:107,0,0,0
BRDA:107,0,1,78
BRDA:117,0,0,0
BRDA:117,0,1,4
BRDA:125,0,0,0
BRDA:125,0,1,1
BRF:40
BRH:33
DA:21,41
DA:23,41
DA:24,41
DA:25,41
DA:27,41
DA:28,41
DA:29,41
DA:36,41
DA:37,40
DA:38,11
DA:39,11
DA:40,11
DA:42,29
DA:45,41
DA:47,116
DA:50,116
DA:52,116
DA:54,116
DA:57,116
DA:60,116
DA:61,116
DA:62,114
DA:70,116
DA:74,116
DA:75,35
DA:76,35
DA:78,81
DA:80,116
DA:83,116
DA:84,102
DA:85,102
DA:86,102
DA:89,116
DA:92,116
DA:93,116
DA:96,116
DA:97,80
DA:98,44
DA:101,116
DA:102,116
DA:105,78
DA:107,78
DA:108,78
DA:109,78
DA:110,78
DA:111,78
DA:112,78
DA:113,78
DA:115,4
DA:117,4
DA:118,4
DA:119,4
DA:120,4
DA:121,4
DA:123,1
DA:125,1
DA:126,1
DA:127,1
DA:128,1
LF:59
LH:59
end_of_record
TN:
SF:/home/cgalant/Source/EspNomad/lib/SyntropicOS/src/syntropic/control/syn_pid.h
FN:180,syn_pid_output
FNDA:1,syn_pid_output
FNF:1
FNH:1
DA:180,1
DA:182,1
LF:2
LH:2
end_of_record
TN:
SF:/home/cgalant/Source/EspNomad/lib/SyntropicOS/src/syntropic/crypto/syn_blake2s.c
FN:53,rotr32
FN:63,load32_le
FN:76,store32_le
FN:111,blake2s_compress
FN:166,blake2s_increment_counter
FN:176,syn_blake2s_init
FN:191,syn_blake2s_init_keyed
FN:216,syn_blake2s_update
FN:239,syn_blake2s_final
FNDA:127,syn_blake2s_final
FNDA:988,store32_le
FNDA:8,syn_blake2s_init_keyed
FNDA:119,syn_blake2s_init
FNDA:72960,rotr32
FNDA:3648,load32_le
FNDA:228,blake2s_increment_counter
FNDA:228,blake2s_compress
FNDA:350,syn_blake2s_update
FNF:9
FNH:9
BRDA:119,0,0,3648
BRDA:119,0,1,228
BRDA:124,0,0,1824
BRDA:124,0,1,228
BRDA:132,0,0,127
BRDA:132,0,1,101
BRDA:137,0,0,2280
BRDA:137,0,1,228
BRDA:154,0,0,1824
BRDA:154,0,1,228
BRDA:169,0,0,0
BRDA:169,0,1,228
BRDA:182,0,0,952
BRDA:182,0,1,119
BRDA:200,0,0,64
BRDA:200,0,1,8
BRDA:220,0,0,362
BRDA:220,0,1,350
BRDA:223,0,0,101
BRDA:223,0,1,261
BRDA:230,0,0,243
BRDA:230,0,1,119
BRDA:253,0,0,988
BRDA:253,0,1,127
BRDA:258,0,0,0
BRDA:258,0,1,127
BRF:26
BRH:24
DA:53,72960
DA:55,72960
DA:63,3648
DA:65,3648
DA:66,3648
DA:67,3648
DA:68,3648
DA:76,988
DA:78,988
DA:79,988
DA:80,988
DA:81,988
DA:82,988
DA:111,228
DA:119,3876
DA:120,3648
DA:124,2052
DA:125,1824
DA:126,1824
DA:129,228
DA:130,228
DA:132,228
DA:133,127
DA:137,2508
DA:138,2280
DA:141,2280
DA:142,2280
DA:143,2280
DA:144,2280
DA:147,2280
DA:148,2280
DA:149,2280
DA:150,2280
DA:154,2052
DA:155,1824
DA:157,228
DA:166,228
DA:168,228
DA:169,228
DA:170,0
DA:172,228
DA:176,119
DA:180,119
DA:182,1071
DA:183,952
DA:187,119
DA:188,119
DA:189,119
DA:191,8
DA:198,8
DA:200,72
DA:201,64
DA:205,8
DA:206,8
DA:207,8
DA:208,8
DA:211,8
DA:212,8
DA:213,8
DA:214,8
DA:216,350
DA:218,350
DA:220,712
DA:223,362
DA:224,101
DA:225,101
DA:226,101
DA:229,362
DA:230,362
DA:232,362
DA:233,362
DA:234,362
DA:235,362
DA:237,350
DA:239,127
DA:243,127
DA:246,127
DA:247,127
DA:250,127
DA:253,1115
DA:254,988
DA:258,127
DA:260,0
DA:261,0
DA:263,127
LF:85
LH:82
end_of_record
TN:
SF:/home/cgalant/Source/EspNomad/lib/SyntropicOS/src/syntropic/crypto/syn_blake2s.h
FN:122,syn_blake2s
FN:141,syn_blake2s_mac
FN:170,syn_hmac_blake2s_init
FN:200,syn_hmac_blake2s_update
FN:211,syn_hmac_blake2s_final
FN:233,syn_hmac_blake2s
FNDA:8,syn_blake2s_mac
FNDA:14,syn_blake2s
FNDA:36,syn_hmac_blake2s
FNDA:37,syn_hmac_blake2s_init
FNDA:38,syn_hmac_blake2s_update
FNDA:37,syn_hmac_blake2s_final
FNF:6
FNH:6
BRDA:179,0,0,0
BRDA:179,0,1,37
BRDA:185,0,0,2368
BRDA:185,0,1,37
BRF:4
BRH:3
DA:122,14
DA:126,14
DA:127,14
DA:128,14
DA:129,14
DA:141,8
DA:146,8
DA:147,8
DA:148,8
DA:149,8
DA:170,37
DA:177,37
DA:179,37
DA:180,0
DA:182,37
DA:185,2405
DA:186,2368
DA:187,2368
DA:190,37
DA:191,37
DA:192,37
DA:200,38
DA:203,38
DA:204,38
DA:211,37
DA:216,37
DA:219,37
DA:220,37
DA:221,37
DA:222,37
DA:223,37
DA:233,36
DA:238,36
DA:239,36
DA:240,36
DA:241,36
LF:36
LH:35
end_of_record
TN:
SF:/home/cgalant/Source/EspNomad/lib/SyntropicOS/src/syntropic/crypto/syn_chacha20poly1305.c
FN:26,load32_le
FN:39,store32_le
FN:52,store64_le
FN:64,rotl32
FN:89,chacha20_block_core
FN:116,chacha20_init
FN:144,syn_chacha20_block
FN:160,syn_chacha20_xor
FN:209,poly1305_init
FN:239,poly1305_blocks
FN:296,poly1305_finish
FN:359,aead_mac
FN:400,syn_aead_encrypt
FN:419,syn_aead_decrypt
FNDA:1310,load32_le
FNDA:11,syn_aead_decrypt
FNDA:83,poly1305_blocks
FNDA:56,chacha20_block_core
FNDA:28,aead_mac
FNDA:17,syn_aead_encrypt
FNDA:17920,rotl32
FNDA:56,store64_le
FNDA:25,syn_chacha20_xor
FNDA:54,chacha20_init
FNDA:28,poly1305_init
FNDA:28,poly1305_finish
FNDA:1120,store32_le
FNDA:29,syn_chacha20_block
FNF:14
FNH:14
BRDA:92,0,0,896
BRDA:92,0,1,56
BRDA:94,0,0,560
BRDA:94,0,1,56
BRDA:107,0,0,896
BRDA:107,0,1,56
BRDA:155,0,0,464
BRDA:155,0,1,29
BRDA:172,0,0,27
BRDA:172,0,1,25
BRDA:176,0,0,432
BRDA:176,0,1,27
BRDA:182,0,0,1060
BRDA:182,0,1,27
BRDA:249,0,0,123
BRDA:249,0,1,83
BRDA:368,0,0,18
BRDA:368,0,1,10
BRDA:370,0,0,6
BRDA:370,0,1,12
BRDA:379,0,0,24
BRDA:379,0,1,4
BRDA:381,0,0,7
BRDA:381,0,1,17
BRDA:437,0,0,176
BRDA:437,0,1,11
BRDA:440,0,0,5
BRDA:440,0,1,6
BRF:28
BRH:28
DA:26,1310
DA:28,1310
DA:29,1310
DA:30,1310
DA:31,1310
DA:39,1120
DA:41,1120
DA:42,1120
DA:43,1120
DA:44,1120
DA:45,1120
DA:52,56
DA:54,56
DA:55,56
DA:56,56
DA:64,17920
DA:66,17920
DA:89,56
DA:92,952
DA:94,616
DA:96,560
DA:97,560
DA:98,560
DA:99,560
DA:101,560
DA:102,560
DA:103,560
DA:104,560
DA:107,952
DA:108,56
DA:116,54
DA:122,54
DA:123,54
DA:124,54
DA:125,54
DA:128,54
DA:129,54
DA:130,54
DA:131,54
DA:132,54
DA:133,54
DA:134,54
DA:135,54
DA:138,54
DA:139,54
DA:140,54
DA:141,54
DA:142,54
DA:144,29
DA:152,29
DA:153,29
DA:155,493
DA:156,464
DA:158,29
DA:160,25
DA:170,25
DA:172,52
DA:173,27
DA:176,459
DA:177,432
DA:181,27
DA:182,1087
DA:183,1060
DA:186,27
DA:187,27
DA:188,27
DA:190,27
DA:192,25
DA:209,28
DA:212,28
DA:213,28
DA:214,28
DA:215,28
DA:217,28
DA:218,28
DA:219,28
DA:220,28
DA:221,28
DA:224,28
DA:227,28
DA:228,28
DA:229,28
DA:230,28
DA:231,28
DA:239,83
DA:243,83
DA:244,83
DA:245,83
DA:246,83
DA:247,83
DA:249,206
DA:251,123
DA:252,123
DA:253,123
DA:254,123
DA:256,123
DA:257,123
DA:258,123
DA:259,123
DA:260,123
DA:263,123
DA:264,123
DA:265,123
DA:266,123
DA:267,123
DA:268,123
DA:269,123
DA:270,123
DA:271,123
DA:272,123
DA:276,123
DA:277,123
DA:278,123
DA:279,123
DA:280,123
DA:281,123
DA:282,123
DA:284,123
DA:285,123
DA:288,83
DA:289,83
DA:290,83
DA:296,28
DA:298,28
DA:299,28
DA:303,28
DA:304,28
DA:305,28
DA:306,28
DA:307,28
DA:310,28
DA:311,28
DA:312,28
DA:313,28
DA:314,28
DA:317,28
DA:319,28
DA:320,28
DA:321,28
DA:322,28
DA:323,28
DA:324,28
DA:325,28
DA:328,28
DA:329,28
DA:330,28
DA:331,28
DA:335,28
DA:336,28
DA:337,28
DA:338,28
DA:340,28
DA:341,28
DA:342,28
DA:343,28
DA:344,28
DA:359,28
DA:365,28
DA:368,28
DA:369,18
DA:370,18
DA:372,6
DA:373,6
DA:374,6
DA:379,28
DA:380,24
DA:381,24
DA:383,7
DA:384,7
DA:385,7
DA:392,28
DA:393,28
DA:394,28
DA:397,28
DA:398,28
DA:400,17
DA:409,17
DA:413,17
DA:416,17
DA:417,17
DA:419,11
DA:428,11
DA:432,11
DA:435,11
DA:437,187
DA:438,176
DA:440,11
DA:441,5
DA:445,6
DA:447,6
LF:190
LH:190
end_of_record
TN:
SF:/home/cgalant/Source/EspNomad/lib/SyntropicOS/src/syntropic/crypto/syn_x25519.c
FN:37,car25519
FN:54,sel25519
FN:69,pack25519
FN:99,unpack25519
FN:112,A
FN:123,Z
FN:134,M
FN:153,S
FN:162,inv25519
FN:178,syn_x25519
FN:228,syn_x25519_pubkey
FNDA:24,inv25519
FNDA:24,unpack25519
FNDA:24528,sel25519
FNDA:146808,car25519
FNDA:30576,S
FNDA:24480,Z
FNDA:24,pack25519
FNDA:73368,M
FNDA:12,syn_x25519_pubkey
FNDA:24,syn_x25519
FNDA:24480,A
FNF:11
FNH:11
BRDA:41,0,0,2348928
BRDA:41,0,1,146808
BRDA:58,0,0,392448
BRDA:58,0,1,24528
BRDA:78,0,0,48
BRDA:78,0,1,24
BRDA:80,0,0,672
BRDA:80,0,1,48
BRDA:89,0,0,384
BRDA:89,0,1,24
BRDA:102,0,0,384
BRDA:102,0,1,24
BRDA:115,0,0,391680
BRDA:115,0,1,24480
BRDA:126,0,0,391680
BRDA:126,0,1,24480
BRDA:138,0,0,2274408
BRDA:138,0,1,73368
BRDA:139,0,0,1173888
BRDA:139,0,1,73368
BRDA:140,0,0,18782208
BRDA:140,0,1,1173888
BRDA:142,0,0,1100520
BRDA:142,0,1,73368
BRDA:168,0,0,6096
BRDA:168,0,1,24
BRDA:170,0,0,6072
BRDA:170,0,1,24
BRDA:170,0,2,6048
BRDA:170,0,3,24
BRDA:198,0,0,6120
BRDA:198,0,1,24
BRF:32
BRH:32
DA:37,146808
DA:41,2495736
DA:42,2348928
DA:43,2348928
DA:44,2348928
DA:45,2348928
DA:47,146808
DA:54,24528
DA:56,24528
DA:58,416976
DA:59,392448
DA:60,392448
DA:61,392448
DA:63,24528
DA:69,24
DA:74,24
DA:75,24
DA:76,24
DA:77,24
DA:78,72
DA:79,48
DA:80,720
DA:81,672
DA:82,672
DA:84,48
DA:85,48
DA:86,48
DA:87,48
DA:89,408
DA:90,384
DA:91,384
DA:93,24
DA:99,24
DA:102,408
DA:103,384
DA:104,24
DA:105,24
DA:112,24480
DA:115,416160
DA:116,24480
DA:123,24480
DA:126,416160
DA:127,24480
DA:134,73368
DA:138,2347776
DA:139,1247256
DA:140,19956096
DA:141,18782208
DA:142,1173888
DA:143,1100520
DA:144,73368
DA:145,73368
DA:146,73368
DA:147,73368
DA:153,30576
DA:155,30576
DA:156,30576
DA:162,24
DA:166,24
DA:168,6120
DA:169,6096
DA:170,6096
DA:171,6048
DA:173,24
DA:174,24
DA:178,24
DA:187,24
DA:188,24
DA:189,24
DA:191,24
DA:193,24
DA:194,24
DA:195,24
DA:196,24
DA:198,6144
DA:199,6120
DA:200,6120
DA:201,6120
DA:202,6120
DA:203,6120
DA:204,6120
DA:205,6120
DA:206,6120
DA:207,6120
DA:208,6120
DA:209,6120
DA:210,6120
DA:211,6120
DA:212,6120
DA:213,6120
DA:214,6120
DA:215,6120
DA:216,6120
DA:217,6120
DA:218,6120
DA:219,6120
DA:220,6120
DA:221,6120
DA:223,24
DA:224,24
DA:225,24
DA:226,24
DA:228,12
DA:232,12
DA:233,12
LF:105
LH:105
end_of_record
TN:
SF:/home/cgalant/Source/EspNomad/lib/SyntropicOS/src/syntropic/crypto/syn_x25519.h
FN:74,syn_x25519_clamp
FNDA:11,syn_x25519_clamp
FNF:1
FNH:1
DA:74,11
DA:76,11
DA:77,11
DA:78,11
DA:79,11
LF:5
LH:5
end_of_record
TN:
SF:/home/cgalant/Source/EspNomad/lib/SyntropicOS/src/syntropic/debug/syn_profiler.c
FN:18,syn_profiler_init
FN:34,syn_profiler_register
FN:42,syn_profiler_task_begin
FN:51,syn_profiler_task_end
FN:71,syn_profiler_update
FN:102,syn_profiler_dump
FN:166,syn_profiler_enable
FNDA:1,syn_profiler_enable
FNDA:7,syn_profiler_register
FNDA:3,syn_profiler_dump
FNDA:9,syn_profiler_task_begin
FNDA:9,syn_profiler_task_end
FNDA:4,syn_profiler_update
FNDA:6,syn_profiler_init
FNF:7
FNH:7
BRDA:22,0,0,0
BRDA:22,0,1,6
BRDA:23,0,0,0
BRDA:23,0,1,6
BRDA:24,0,0,0
BRDA:24,0,1,6
BRDA:37,0,0,0
BRDA:37,0,1,7
BRDA:38,0,0,0
BRDA:38,0,1,7
BRDA:44,0,0,0
BRDA:44,0,1,9
BRDA:45,0,0,1
BRDA:45,0,1,8
BRDA:46,0,0,1
BRDA:46,0,1,7
BRDA:53,0,0,0
BRDA:53,0,1,9
BRDA:54,0,0,1
BRDA:54,0,1,8
BRDA:55,0,0,1
BRDA:55,0,1,7
BRDA:65,0,0,5
BRDA:65,0,1,2
BRDA:73,0,0,0
BRDA:73,0,1,4
BRDA:79,0,0,1
BRDA:79,0,1,3
BRDA:82,0,0,10
BRDA:82,0,1,4
BRDA:84,0,0,4
BRDA:84,0,1,6
BRDA:94,0,0,10
BRDA:94,0,1,4
BRDA:105,0,0,0
BRDA:105,0,1,3
BRDA:106,0,0,1
BRDA:106,0,1,2
BRDA:122,0,0,5
BRDA:122,0,1,2
BRDA:124,0,0,2
BRDA:124,0,1,3
BRDA:131,0,0,1
BRDA:131,0,1,2
BRDA:134,0,0,22
BRDA:134,0,1,3
BRDA:143,0,0,9
BRDA:143,0,1,3
BRDA:148,0,0,3
BRDA:148,0,1,0
BRDA:149,0,0,10
BRDA:149,0,1,3
BRDA:151,0,0,15
BRDA:151,0,1,3
BRDA:156,0,0,3
BRDA:156,0,1,0
BRDA:157,0,0,21
BRDA:157,0,1,3
BRDA:168,0,0,0
BRDA:168,0,1,1
BRF:60
BRH:48
DA:18,6
DA:22,6
DA:23,6
DA:24,6
DA:26,6
DA:27,6
DA:28,6
DA:29,6
DA:30,6
DA:31,6
DA:32,6
DA:34,7
DA:37,7
DA:38,7
DA:39,7
DA:40,7
DA:42,9
DA:44,9
DA:45,9
DA:46,8
DA:48,7
DA:51,9
DA:53,9
DA:54,9
DA:55,8
DA:57,7
DA:58,7
DA:62,7
DA:64,7
DA:65,7
DA:66,5
DA:68,7
DA:71,4
DA:73,4
DA:75,4
DA:76,4
DA:77,4
DA:79,4
DA:82,14
DA:83,10
DA:84,10
DA:90,6
DA:94,14
DA:95,10
DA:96,10
DA:99,4
DA:100,4
DA:102,3
DA:105,3
DA:106,3
DA:113,2
DA:114,2
DA:115,2
DA:116,2
DA:117,2
DA:118,2
DA:120,2
DA:122,7
DA:123,5
DA:124,5
DA:127,3
DA:130,3
DA:131,3
DA:132,3
DA:133,3
DA:134,25
DA:137,3
DA:138,3
DA:139,3
DA:140,3
DA:141,3
DA:142,3
DA:143,12
DA:146,3
DA:147,3
DA:148,3
DA:149,13
DA:150,3
DA:151,18
DA:154,3
DA:155,3
DA:156,3
DA:157,24
DA:158,3
DA:160,3
DA:161,3
DA:162,3
DA:166,1
DA:168,1
DA:169,1
DA:170,1
LF:91
LH:91
end_of_record
TN:
SF:/home/cgalant/Source/EspNomad/lib/SyntropicOS/src/syntropic/debug/syn_profiler.h
FN:137,syn_profiler_get
FNDA:2,syn_profiler_get
FNF:1
FNH:1
BRDA:139,0,0,2
BRDA:139,0,1,0
BRF:2
BRH:1
DA:137,2
DA:139,2
LF:2
LH:2
end_of_record
TN:
SF:/home/cgalant/Source/EspNomad/lib/SyntropicOS/src/syntropic/debug/syn_trace.c
FN:18,syn_trace_init
FN:34,syn_trace_record
FN:49,syn_trace_enable
FN:55,syn_trace_clear
FN:62,syn_trace_read
FN:84,syn_trace_dump
FNDA:16,syn_trace_record
FNDA:11,syn_trace_read
FNDA:1,syn_trace_clear
FNDA:2,syn_trace_enable
FNDA:6,syn_trace_init
FNDA:4,syn_trace_dump
FNF:6
FNH:6
BRDA:22,0,0,0
BRDA:22,0,1,6
BRDA:23,0,0,0
BRDA:23,0,1,6
BRDA:24,0,0,0
BRDA:24,0,1,6
BRDA:36,0,0,0
BRDA:36,0,1,16
BRDA:38,0,0,1
BRDA:38,0,1,15
BRDA:51,0,0,0
BRDA:51,0,1,2
BRDA:57,0,0,0
BRDA:57,0,1,1
BRDA:65,0,0,0
BRDA:65,0,1,11
BRDA:66,0,0,0
BRDA:66,0,1,11
BRDA:70,0,0,3
BRDA:70,0,1,8
BRDA:73,0,0,4
BRDA:73,0,1,4
BRDA:86,0,0,0
BRDA:86,0,1,4
BRDA:88,0,0,1
BRDA:88,0,1,3
BRDA:96,0,0,5
BRDA:96,0,1,3
BRDA:97,0,0,5
BRDA:97,0,1,0
BRDA:107,0,0,5
BRDA:107,0,1,0
BRDA:108,0,0,33
BRDA:108,0,1,5
BRF:34
BRH:23
DA:18,6
DA:22,6
DA:23,6
DA:24,6
DA:26,6
DA:27,6
DA:28,6
DA:29,6
DA:30,6
DA:31,6
DA:32,6
DA:34,16
DA:36,16
DA:38,16
DA:40,15
DA:41,15
DA:42,15
DA:43,15
DA:45,15
DA:46,15
DA:49,2
DA:51,2
DA:52,2
DA:53,2
DA:55,1
DA:57,1
DA:58,1
DA:59,1
DA:60,1
DA:62,11
DA:65,11
DA:66,11
DA:68,11
DA:70,11
DA:73,8
DA:74,4
DA:76,4
DA:79,8
DA:80,8
DA:81,8
DA:84,4
DA:86,4
DA:88,4
DA:90,3
DA:96,8
DA:97,5
DA:100,5
DA:102,5
DA:105,5
DA:106,5
DA:107,5
DA:108,38
DA:109,5
DA:111,5
DA:112,5
DA:115,5
DA:116,5
DA:117,5
DA:120,5
DA:121,5
DA:122,5
DA:124,5
DA:125,5
DA:126,5
LF:64
LH:64
end_of_record
TN:
SF:/home/cgalant/Source/EspNomad/lib/SyntropicOS/src/syntropic/debug/syn_trace.h
FN:105,syn_trace_count
FNDA:5,syn_trace_count
FNF:1
FNH:1
DA:105,5
DA:107,5
LF:2
LH:2
end_of_record
TN:
SF:/home/cgalant/Source/EspNomad/lib/SyntropicOS/src/syntropic/display/syn_canvas.c
FN:130,syn_canvas_init
FN:158,syn_canvas_set_clip
FN:167,syn_canvas_reset_clip
FN:176,syn_canvas_set_font
FN:182,syn_canvas_clear
FN:188,syn_canvas_fill
FN:206,syn_canvas_pixel
FN:233,syn_canvas_line
FN:255,syn_canvas_rect
FN:266,syn_canvas_rect_fill
FN:280,syn_canvas_circle
FN:309,syn_canvas_circle_fill
FN:349,draw_rounded_corners
FN:387,syn_canvas_rect_round
FN:412,syn_canvas_rect_round_fill
FN:469,syn_canvas_bitmap
FN:495,syn_canvas_char
FN:518,syn_canvas_text
FN:530,syn_canvas_text_width
FN:543,syn_canvas_text_height
FN:552,syn_canvas_hline
FN:562,syn_canvas_vline
FN:574,syn_canvas_flush
FN:582,syn_canvas_flush_partial
FNDA:4,syn_canvas_bitmap
FNDA:11,syn_canvas_circle
FNDA:29,syn_canvas_rect_fill
FNDA:5,syn_canvas_reset_clip
FNDA:8,syn_canvas_flush_partial
FNDA:117,syn_canvas_text_width
FNDA:2,syn_canvas_set_font
FNDA:29,syn_canvas_clear
FNDA:1,syn_canvas_flush
FNDA:76,syn_canvas_rect_round
FNDA:243,syn_canvas_text
FNDA:8,syn_canvas_vline
FNDA:874,syn_canvas_char
FNDA:135,syn_canvas_text_height
FNDA:8,syn_canvas_circle_fill
FNDA:67005,syn_canvas_pixel
FNDA:39,syn_canvas_rect
FNDA:28,syn_canvas_rect_round_fill
FNDA:470,syn_canvas_line
FNDA:26,syn_canvas_hline
FNDA:53,syn_canvas_init
FNDA:76,draw_rounded_corners
FNDA:26,syn_canvas_set_clip
FNDA:2,syn_canvas_fill
FNF:24
FNH:24
BRDA:134,0,0,0
BRDA:134,0,1,53
BRDA:135,0,0,0
BRDA:135,0,1,53
BRDA:136,0,0,2
BRDA:136,0,1,51
BRDA:136,0,2,0
BRDA:136,0,3,2
BRDA:151,0,0,51
BRDA:151,0,1,2
BRDA:160,0,0,0
BRDA:160,0,1,26
BRDA:169,0,0,0
BRDA:169,0,1,5
BRDA:178,0,0,0
BRDA:178,0,1,2
BRDA:179,0,0,1
BRDA:179,0,1,1
BRDA:184,0,0,0
BRDA:184,0,1,29
BRDA:190,0,0,0
BRDA:190,0,1,2
BRDA:191,0,0,1
BRDA:191,0,1,1
BRDA:192,0,0,1
BRDA:192,0,1,0
BRDA:197,0,0,32
BRDA:197,0,1,1
BRDA:208,0,0,66745
BRDA:208,0,1,260
BRDA:208,0,2,2247
BRDA:208,0,3,64498
BRDA:209,0,0,63660
BRDA:209,0,1,838
BRDA:209,0,2,751
BRDA:209,0,3,62909
BRDA:211,0,0,62908
BRDA:211,0,1,1
BRDA:218,0,0,48780
BRDA:218,0,1,14128
BRDA:238,0,0,200
BRDA:238,0,1,270
BRDA:239,0,0,192
BRDA:239,0,1,278
BRDA:240,0,0,200
BRDA:240,0,1,270
BRDA:241,0,0,192
BRDA:241,0,1,278
BRDA:246,0,0,2412
BRDA:246,0,1,13267
BRDA:246,0,2,470
BRDA:246,0,3,1942
BRDA:248,0,0,13267
BRDA:248,0,1,1942
BRDA:249,0,0,1977
BRDA:249,0,1,13232
BRDA:271,0,0,195
BRDA:271,0,1,29
BRDA:272,0,0,5288
BRDA:272,0,1,195
BRDA:288,0,0,38
BRDA:288,0,1,11
BRDA:298,0,0,19
BRDA:298,0,1,19
BRDA:313,0,0,0
BRDA:313,0,1,8
BRDA:318,0,0,18
BRDA:318,0,1,8
BRDA:319,0,0,102
BRDA:319,0,1,18
BRDA:323,0,0,44
BRDA:323,0,1,18
BRDA:328,0,0,9
BRDA:328,0,1,9
BRDA:363,0,0,263
BRDA:363,0,1,76
BRDA:378,0,0,111
BRDA:378,0,1,152
BRDA:392,0,0,0
BRDA:392,0,1,76
BRDA:393,0,0,76
BRDA:393,0,1,0
BRDA:393,0,2,0
BRDA:393,0,3,76
BRDA:395,0,0,0
BRDA:395,0,1,76
BRDA:396,0,0,0
BRDA:396,0,1,76
BRDA:397,0,0,0
BRDA:397,0,1,76
BRDA:417,0,0,0
BRDA:417,0,1,28
BRDA:418,0,0,28
BRDA:418,0,1,0
BRDA:418,0,2,0
BRDA:418,0,3,28
BRDA:420,0,0,0
BRDA:420,0,1,28
BRDA:421,0,0,0
BRDA:421,0,1,28
BRDA:422,0,0,0
BRDA:422,0,1,28
BRDA:428,0,0,256
BRDA:428,0,1,28
BRDA:429,0,0,12654
BRDA:429,0,1,256
BRDA:439,0,0,105
BRDA:439,0,1,28
BRDA:441,0,0,4704
BRDA:441,0,1,105
BRDA:445,0,0,4298
BRDA:445,0,1,105
BRDA:449,0,0,4704
BRDA:449,0,1,105
BRDA:453,0,0,4298
BRDA:453,0,1,105
BRDA:458,0,0,49
BRDA:458,0,1,56
BRDA:475,0,0,0
BRDA:475,0,1,4
BRDA:476,0,0,0
BRDA:476,0,1,4
BRDA:477,0,0,4
BRDA:477,0,1,0
BRDA:477,0,2,0
BRDA:477,0,3,4
BRDA:481,0,0,25
BRDA:481,0,1,4
BRDA:482,0,0,208
BRDA:482,0,1,25
BRDA:485,0,0,68
BRDA:485,0,1,140
BRDA:499,0,0,0
BRDA:499,0,1,874
BRDA:502,0,0,0
BRDA:502,0,1,874
BRDA:506,0,0,4370
BRDA:506,0,1,874
BRDA:508,0,0,30590
BRDA:508,0,1,4370
BRDA:509,0,0,10761
BRDA:509,0,1,19829
BRDA:521,0,0,0
BRDA:521,0,1,243
BRDA:522,0,0,0
BRDA:522,0,1,243
BRDA:524,0,0,874
BRDA:524,0,1,243
BRDA:532,0,0,0
BRDA:532,0,1,117
BRDA:533,0,0,117
BRDA:533,0,1,0
BRDA:533,0,2,0
BRDA:533,0,3,117
BRDA:536,0,0,537
BRDA:536,0,1,117
BRDA:540,0,0,117
BRDA:540,0,1,0
BRDA:545,0,0,0
BRDA:545,0,1,135
BRDA:546,0,0,0
BRDA:546,0,1,135
BRDA:557,0,0,1658
BRDA:557,0,1,26
BRDA:567,0,0,88
BRDA:567,0,1,8
BRDA:576,0,0,0
BRDA:576,0,1,1
BRDA:577,0,0,1
BRDA:577,0,1,0
BRDA:584,0,0,0
BRDA:584,0,1,8
BRDA:585,0,0,0
BRDA:585,0,1,8
BRDA:586,0,0,2
BRDA:586,0,1,6
BRDA:588,0,0,1
BRDA:588,0,1,5
BRF:178
BRH:138
DA:130,53
DA:134,53
DA:135,53
DA:136,53
DA:138,53
DA:139,53
DA:140,53
DA:141,53
DA:142,53
DA:143,53
DA:144,53
DA:145,53
DA:146,53
DA:147,53
DA:148,53
DA:149,53
DA:151,53
DA:152,51
DA:154,2
DA:156,53
DA:158,26
DA:160,26
DA:161,26
DA:162,26
DA:163,26
DA:164,26
DA:165,26
DA:167,5
DA:169,5
DA:170,5
DA:171,5
DA:172,5
DA:173,5
DA:174,5
DA:176,2
DA:178,2
DA:179,2
DA:180,2
DA:182,29
DA:184,29
DA:185,29
DA:186,29
DA:188,2
DA:190,2
DA:191,2
DA:192,1
DA:195,1
DA:196,1
DA:197,33
DA:198,32
DA:199,32
DA:202,2
DA:206,67005
DA:208,67005
DA:209,64498
DA:211,62909
DA:215,62908
DA:216,62908
DA:217,62908
DA:218,62908
DA:219,48780
DA:221,14128
DA:225,1
DA:226,1
DA:227,1
DA:233,470
DA:238,470
DA:239,470
DA:240,470
DA:241,470
DA:242,470
DA:244,15209
DA:245,15679
DA:246,15679
DA:247,15209
DA:248,15209
DA:249,15209
DA:251,470
DA:255,39
DA:260,39
DA:261,39
DA:262,39
DA:263,39
DA:264,39
DA:266,29
DA:271,224
DA:272,5483
DA:273,5288
DA:276,29
DA:280,11
DA:284,11
DA:285,11
DA:286,11
DA:288,49
DA:289,38
DA:290,38
DA:291,38
DA:292,38
DA:293,38
DA:294,38
DA:295,38
DA:296,38
DA:297,38
DA:298,38
DA:299,19
DA:301,19
DA:302,19
DA:305,11
DA:309,8
DA:313,8
DA:314,8
DA:315,8
DA:316,8
DA:318,26
DA:319,120
DA:320,102
DA:321,102
DA:323,62
DA:324,44
DA:325,44
DA:327,18
DA:328,18
DA:329,9
DA:331,9
DA:332,9
DA:335,8
DA:349,76
DA:354,76
DA:355,76
DA:356,76
DA:357,76
DA:359,76
DA:360,76
DA:361,76
DA:363,339
DA:365,263
DA:366,263
DA:368,263
DA:369,263
DA:371,263
DA:372,263
DA:374,263
DA:375,263
DA:377,263
DA:378,263
DA:379,111
DA:381,152
DA:382,152
DA:385,76
DA:387,76
DA:392,76
DA:393,76
DA:395,76
DA:396,76
DA:397,76
DA:398,0
DA:399,0
DA:403,76
DA:404,76
DA:405,76
DA:406,76
DA:409,76
DA:412,28
DA:417,28
DA:418,28
DA:420,28
DA:421,28
DA:422,28
DA:423,0
DA:424,0
DA:428,284
DA:429,12910
DA:430,12654
DA:435,28
DA:436,28
DA:437,28
DA:439,133
DA:441,4809
DA:442,4704
DA:445,4403
DA:446,4298
DA:449,4809
DA:450,4704
DA:453,4403
DA:454,4298
DA:457,105
DA:458,105
DA:459,49
DA:461,56
DA:462,56
DA:469,4
DA:475,4
DA:476,4
DA:477,4
DA:479,4
DA:481,29
DA:482,233
DA:483,208
DA:484,208
DA:485,208
DA:486,68
DA:495,874
DA:498,874
DA:499,874
DA:501,874
DA:502,874
DA:504,874
DA:506,5244
DA:507,4370
DA:508,34960
DA:509,30590
DA:510,10761
DA:515,874
DA:518,243
DA:521,243
DA:522,243
DA:524,1117
DA:525,874
DA:526,874
DA:530,117
DA:532,117
DA:533,117
DA:535,117
DA:536,654
DA:537,537
DA:538,537
DA:540,117
DA:543,135
DA:545,135
DA:546,135
DA:547,135
DA:552,26
DA:557,1684
DA:558,1658
DA:560,26
DA:562,8
DA:567,96
DA:568,88
DA:570,8
DA:574,1
DA:576,1
DA:577,1
DA:578,1
DA:580,1
DA:582,8
DA:584,8
DA:585,8
DA:586,8
DA:588,6
DA:589,1
DA:591,6
LF:251
LH:247
end_of_record
TN:
SF:/home/cgalant/Source/EspNomad/lib/SyntropicOS/src/syntropic/display/syn_canvas.h
FN:359,syn_rgb565
FNDA:1,syn_rgb565
FNF:1
FNH:1
DA:359,1
DA:361,1
LF:2
LH:2
end_of_record
TN:
SF:/home/cgalant/Source/EspNomad/lib/SyntropicOS/src/syntropic/drivers/syn_adc.c
FN:17,syn_adc_init
FN:37,apply_filter
FN:53,syn_adc_read
FN:82,syn_adc_read_mv
FN:98,syn_adc_set_calibration
FN:107,syn_adc_set_stats
FNDA:8,syn_adc_init
FNDA:8,syn_adc_read_mv
FNDA:23,syn_adc_read
FNDA:1,syn_adc_set_stats
FNDA:2,syn_adc_set_calibration
FNDA:23,apply_filter
FNF:6
FNH:6
BRDA:19,0,0,0
BRDA:19,0,1,8
BRDA:20,0,0,0
BRDA:20,0,1,8
BRDA:25,0,0,0
BRDA:25,0,1,8
BRDA:26,0,0,0
BRDA:26,0,1,8
BRDA:39,0,0,15
BRDA:39,0,1,8
BRDA:41,0,0,2
BRDA:41,0,1,2
BRDA:41,0,2,3
BRDA:41,0,3,1
BRDA:55,0,0,0
BRDA:55,0,1,23
BRDA:59,0,0,35
BRDA:59,0,1,23
BRDA:69,0,0,22
BRDA:69,0,1,1
BRDA:69,0,2,0
BRDA:69,0,3,22
BRDA:75,0,0,4
BRDA:75,0,1,19
BRDA:84,0,0,0
BRDA:84,0,1,8
BRDA:93,0,0,0
BRDA:93,0,1,8
BRDA:101,0,0,0
BRDA:101,0,1,2
BRDA:109,0,0,0
BRDA:109,0,1,1
BRF:32
BRH:22
DA:17,8
DA:19,8
DA:20,8
DA:22,8
DA:23,8
DA:25,8
DA:26,8
DA:28,8
DA:37,23
DA:39,23
DA:41,8
DA:42,2
DA:43,2
DA:44,2
DA:45,2
DA:46,3
DA:47,3
DA:48,1
DA:49,1
DA:53,23
DA:55,23
DA:58,23
DA:59,58
DA:60,35
DA:62,23
DA:65,23
DA:68,23
DA:69,23
DA:70,1
DA:72,23
DA:75,23
DA:76,4
DA:79,23
DA:82,8
DA:84,8
DA:86,8
DA:89,8
DA:90,8
DA:91,8
DA:93,8
DA:95,8
DA:98,2
DA:101,2
DA:102,2
DA:103,2
DA:104,2
DA:105,2
DA:107,1
DA:109,1
DA:110,1
DA:111,1
LF:51
LH:51
end_of_record
TN:
SF:/home/cgalant/Source/EspNomad/lib/SyntropicOS/src/syntropic/drivers/syn_adc.h
FN:117,syn_adc_raw
FNDA:1,syn_adc_raw
FNF:1
FNH:1
DA:117,1
LF:1
LH:1
end_of_record
TN:
SF:/home/cgalant/Source/EspNomad/lib/SyntropicOS/src/syntropic/drivers/syn_can.c
FN:17,syn_can_init
FN:32,syn_can_send
FN:48,syn_can_poll
FN:64,syn_can_on_receive
FN:71,syn_can_set_filter
FNDA:2,syn_can_send
FNDA:2,syn_can_init
FNDA:1,syn_can_set_filter
FNDA:1,syn_can_on_receive
FNDA:2,syn_can_poll
FNF:5
FNH:5
BRDA:19,0,0,0
BRDA:19,0,1,2
BRDA:25,0,0,1
BRDA:25,0,1,1
BRDA:34,0,0,0
BRDA:34,0,1,2
BRDA:35,0,0,0
BRDA:35,0,1,2
BRDA:36,0,0,0
BRDA:36,0,1,2
BRDA:40,0,0,1
BRDA:40,0,1,1
BRDA:50,0,0,0
BRDA:50,0,1,2
BRDA:55,0,0,1
BRDA:55,0,1,2
BRDA:58,0,0,0
BRDA:58,0,1,1
BRDA:66,0,0,0
BRDA:66,0,1,1
BRDA:73,0,0,0
BRDA:73,0,1,1
BRF:22
BRH:14
DA:17,2
DA:19,2
DA:21,2
DA:22,2
DA:23,2
DA:25,2
DA:26,1
DA:29,1
DA:32,2
DA:34,2
DA:35,2
DA:36,2
DA:38,2
DA:39,2
DA:40,2
DA:41,1
DA:43,1
DA:45,2
DA:48,2
DA:50,2
DA:53,2
DA:55,5
DA:57,1
DA:58,1
DA:59,1
DA:62,2
DA:64,1
DA:66,1
DA:67,1
DA:68,1
DA:69,1
DA:71,1
DA:73,1
DA:74,1
DA:75,1
LF:35
LH:35
end_of_record
TN:
SF:/home/cgalant/Source/EspNomad/lib/SyntropicOS/src/syntropic/drivers/syn_dac.c
FN:15,syn_dac_init
FN:22,syn_dac_write_raw
FN:28,syn_dac_write_mv
FN:42,syn_dac_write_percent
FN:53,syn_dac_max_raw
FNDA:7,syn_dac_max_raw
FNDA:3,syn_dac_write_percent
FNDA:3,syn_dac_write_mv
FNDA:1,syn_dac_write_raw
FNDA:10,syn_dac_init
FNF:5
FNH:5
BRDA:17,0,0,0
BRDA:17,0,1,10
BRDA:24,0,0,0
BRDA:24,0,1,1
BRDA:30,0,0,0
BRDA:30,0,1,3
BRDA:34,0,0,1
BRDA:34,0,1,2
BRDA:44,0,0,0
BRDA:44,0,1,3
BRDA:45,0,0,1
BRDA:45,0,1,2
BRDA:55,0,0,0
BRDA:55,0,1,7
BRF:14
BRH:9
DA:15,10
DA:17,10
DA:18,10
DA:19,10
DA:22,1
DA:24,1
DA:25,1
DA:28,3
DA:30,3
DA:31,3
DA:32,3
DA:34,3
DA:35,1
DA:38,3
DA:39,3
DA:42,3
DA:44,3
DA:45,3
DA:46,1
DA:48,3
DA:49,3
DA:50,3
DA:53,7
DA:55,7
DA:57,7
DA:58,7
LF:26
LH:26
end_of_record
TN:
SF:/home/cgalant/Source/EspNomad/lib/SyntropicOS/src/syntropic/drivers/syn_exti.c
FN:37,find_entry
FN:50,syn_exti_init
FN:56,syn_exti_register
FN:86,syn_exti_unregister
FN:96,syn_exti_enable
FN:104,syn_exti_disable
FN:112,syn_exti_irq_handler
FN:120,syn_exti_count
FNDA:2,syn_exti_disable
FNDA:3,syn_exti_count
FNDA:3,syn_exti_init
FNDA:2,syn_exti_enable
FNDA:21,syn_exti_register
FNDA:7,syn_exti_irq_handler
FNDA:33,find_entry
FNDA:1,syn_exti_unregister
FNF:8
FNH:8
BRDA:40,0,0,151
BRDA:40,0,1,23
BRDA:41,0,0,10
BRDA:41,0,1,141
BRDA:59,0,0,0
BRDA:59,0,1,21
BRDA:63,0,0,1
BRDA:63,0,1,20
BRDA:72,0,0,1
BRDA:72,0,1,19
BRDA:89,0,0,1
BRDA:89,0,1,0
BRDA:99,0,0,1
BRDA:99,0,1,1
BRDA:99,0,2,1
BRDA:99,0,3,0
BRDA:107,0,0,1
BRDA:107,0,1,1
BRDA:115,0,0,6
BRDA:115,0,1,1
BRDA:115,0,2,5
BRDA:115,0,3,1
BRDA:115,0,4,5
BRDA:115,0,5,0
BRF:24
BRH:20
DA:37,33
DA:40,174
DA:41,151
DA:42,10
DA:45,23
DA:50,3
DA:52,3
DA:53,3
DA:54,3
DA:56,21
DA:59,21
DA:62,21
DA:63,21
DA:64,1
DA:65,1
DA:66,1
DA:67,1
DA:68,1
DA:72,20
DA:73,1
DA:76,19
DA:77,19
DA:78,19
DA:79,19
DA:80,19
DA:82,19
DA:83,19
DA:86,1
DA:88,1
DA:89,1
DA:90,1
DA:91,1
DA:92,1
DA:94,1
DA:96,2
DA:98,2
DA:99,2
DA:100,1
DA:102,2
DA:104,2
DA:106,2
DA:107,2
DA:108,1
DA:110,2
DA:112,7
DA:114,7
DA:115,7
DA:116,5
DA:118,7
DA:120,3
DA:122,3
LF:51
LH:51
end_of_record
TN:
SF:/home/cgalant/Source/EspNomad/lib/SyntropicOS/src/syntropic/drivers/syn_gpio.c
FN:15,syn_gpio_init_multiple
FN:30,syn_gpio_write_multiple
FNDA:3,syn_gpio_write_multiple
FNDA:3,syn_gpio_init_multiple
FNF:2
FNH:2
BRDA:19,0,0,1
BRDA:19,0,1,2
BRDA:19,0,2,0
BRDA:19,0,3,1
BRDA:21,0,0,5
BRDA:21,0,1,2
BRDA:23,0,0,1
BRDA:23,0,1,4
BRDA:34,0,0,1
BRDA:34,0,1,2
BRDA:34,0,2,0
BRDA:34,0,3,1
BRDA:36,0,0,4
BRDA:36,0,1,2
BRDA:38,0,0,1
BRDA:38,0,1,3
BRF:16
BRH:14
DA:15,3
DA:19,3
DA:21,7
DA:22,5
DA:23,5
DA:24,1
DA:27,2
DA:30,3
DA:34,3
DA:36,6
DA:37,4
DA:38,4
DA:39,1
DA:42,2
LF:14
LH:14
end_of_record
TN:
SF:/home/cgalant/Source/EspNomad/lib/SyntropicOS/src/syntropic/drivers/syn_gpio.h
FN:29,syn_gpio_init
FN:40,syn_gpio_write
FN:50,syn_gpio_read
FNDA:90378,syn_gpio_read
FNDA:73,syn_gpio_init
FNDA:983,syn_gpio_write
FNF:3
FNH:3
DA:29,73
DA:31,73
DA:40,983
DA:42,983
DA:50,90378
DA:52,90378
LF:6
LH:6
end_of_record
TN:
SF:/home/cgalant/Source/EspNomad/lib/SyntropicOS/src/syntropic/drivers/syn_rtc.c
FN:27,rtc_is_leap
FN:38,rtc_days_in_month
FN:47,syn_rtc_is_valid
FN:60,syn_rtc_init
FN:65,syn_rtc_get
FN:71,syn_rtc_set
FN:82,syn_rtc_to_epoch
FN:110,syn_rtc_from_epoch
FNDA:17,rtc_days_in_month
FNDA:1,syn_rtc_get
FNDA:4,syn_rtc_to_epoch
FNDA:4,syn_rtc_set
FNDA:2,syn_rtc_from_epoch
FNDA:6,syn_rtc_is_valid
FNDA:176,rtc_is_leap
FNDA:2,syn_rtc_init
FNF:8
FNH:8
BRDA:29,0,0,43
BRDA:29,0,1,133
BRDA:29,0,2,2
BRDA:29,0,3,41
BRDA:29,0,4,2
BRDA:29,0,5,0
BRDA:41,0,0,4
BRDA:41,0,1,13
BRDA:41,0,2,1
BRDA:41,0,3,3
BRDA:49,0,0,0
BRDA:49,0,1,6
BRDA:50,0,0,0
BRDA:50,0,1,6
BRDA:51,0,0,5
BRDA:51,0,1,1
BRDA:51,0,2,1
BRDA:51,0,3,4
BRDA:52,0,0,4
BRDA:52,0,1,0
BRDA:52,0,2,1
BRDA:52,0,3,3
BRDA:54,0,0,1
BRDA:54,0,1,2
BRDA:55,0,0,0
BRDA:55,0,1,2
BRDA:56,0,0,0
BRDA:56,0,1,2
BRDA:67,0,0,0
BRDA:67,0,1,1
BRDA:73,0,0,0
BRDA:73,0,1,4
BRDA:74,0,0,3
BRDA:74,0,1,1
BRDA:84,0,0,0
BRDA:84,0,1,4
BRDA:89,0,0,115
BRDA:89,0,1,4
BRDA:90,0,0,28
BRDA:90,0,1,87
BRDA:95,0,0,6
BRDA:95,0,1,4
BRDA:112,0,0,0
BRDA:112,0,1,2
BRDA:125,0,0,14
BRDA:125,0,1,43
BRDA:126,0,0,2
BRDA:126,0,1,55
BRDA:136,0,0,2
BRDA:136,0,1,5
BRF:50
BRH:40
DA:27,176
DA:29,176
DA:38,17
DA:40,17
DA:41,17
DA:42,1
DA:44,17
DA:47,6
DA:49,6
DA:50,6
DA:51,6
DA:52,4
DA:53,1
DA:54,3
DA:55,2
DA:56,2
DA:57,2
DA:60,2
DA:62,2
DA:65,1
DA:67,1
DA:68,1
DA:71,4
DA:73,4
DA:74,4
DA:75,3
DA:77,1
DA:82,4
DA:84,4
DA:87,4
DA:89,119
DA:90,115
DA:95,10
DA:96,6
DA:100,4
DA:102,4
DA:103,4
DA:104,4
DA:105,4
DA:110,2
DA:112,2
DA:115,2
DA:116,2
DA:117,2
DA:120,2
DA:123,2
DA:124,55
DA:125,57
DA:126,57
DA:127,55
DA:128,55
DA:130,2
DA:133,2
DA:134,5
DA:135,7
DA:136,7
DA:137,5
DA:138,5
DA:140,2
DA:141,2
DA:142,2
LF:61
LH:61
end_of_record
TN:
SF:/home/cgalant/Source/EspNomad/lib/SyntropicOS/src/syntropic/drivers/syn_sd.c
FN:79,sd_xfer
FN:94,sd_cmd
FN:120,sd_wait_ready
FN:136,sd_read_csd
FN:189,syn_sd_init
FN:305,syn_sd_read
FN:348,syn_sd_write
FN:393,syn_sd_sync
FN:411,syn_sd_sectors
FN:417,syn_sd_type
FNDA:2,syn_sd_type
FNDA:2,syn_sd_sectors
FNDA:2,syn_sd_sync
FNDA:8709,sd_xfer
FNDA:5,sd_read_csd
FNDA:2,sd_wait_ready
FNDA:4,syn_sd_write
FNDA:14,syn_sd_init
FNDA:3,syn_sd_read
FNDA:2060,sd_cmd
FNF:10
FNH:10
BRDA:109,0,0,4133
BRDA:109,0,1,1
BRDA:109,0,2,2074
BRDA:109,0,3,2059
BRDA:123,0,0,2001
BRDA:123,0,1,1
BRDA:124,0,0,1
BRDA:124,0,1,2000
BRDA:139,0,0,1
BRDA:139,0,1,4
BRDA:146,0,0,2006
BRDA:146,0,1,1
BRDA:146,0,2,2003
BRDA:146,0,3,3
BRDA:149,0,0,1
BRDA:149,0,1,3
BRDA:156,0,0,48
BRDA:156,0,1,3
BRDA:165,0,0,1
BRDA:165,0,1,2
BRDA:175,0,0,1
BRDA:175,0,1,0
BRDA:191,0,0,0
BRDA:191,0,1,14
BRDA:206,0,0,1
BRDA:206,0,1,13
BRDA:221,0,0,2
BRDA:221,0,1,11
BRDA:230,0,0,8
BRDA:230,0,1,3
BRDA:237,0,0,7
BRDA:237,0,1,1
BRDA:237,0,2,7
BRDA:237,0,3,0
BRDA:244,0,0,2
BRDA:244,0,1,1
BRDA:253,0,0,7
BRDA:253,0,1,2
BRDA:257,0,0,1
BRDA:257,0,1,1007
BRDA:264,0,0,1000
BRDA:264,0,1,7
BRDA:264,0,2,999
BRDA:264,0,3,1
BRDA:266,0,0,1
BRDA:266,0,1,7
BRDA:271,0,0,5
BRDA:271,0,1,2
BRDA:274,0,0,1
BRDA:274,0,1,4
BRDA:283,0,0,4
BRDA:283,0,1,0
BRDA:288,0,0,1
BRDA:288,0,1,1
BRDA:295,0,0,2
BRDA:295,0,1,3
BRDA:307,0,0,0
BRDA:307,0,1,3
BRDA:308,0,0,0
BRDA:308,0,1,3
BRDA:309,0,0,0
BRDA:309,0,1,3
BRDA:314,0,0,0
BRDA:314,0,1,3
BRDA:319,0,0,1
BRDA:319,0,1,2
BRDA:327,0,0,2002
BRDA:327,0,1,1
BRDA:327,0,2,2001
BRDA:327,0,3,1
BRDA:330,0,0,1
BRDA:330,0,1,1
BRDA:337,0,0,512
BRDA:337,0,1,1
BRDA:350,0,0,0
BRDA:350,0,1,4
BRDA:351,0,0,0
BRDA:351,0,1,4
BRDA:352,0,0,0
BRDA:352,0,1,4
BRDA:356,0,0,0
BRDA:356,0,1,4
BRDA:361,0,0,1
BRDA:361,0,1,3
BRDA:378,0,0,1
BRDA:378,0,1,2
BRDA:384,0,0,1
BRDA:384,0,1,1
BRDA:395,0,0,0
BRDA:395,0,1,2
BRDA:396,0,0,0
BRDA:396,0,1,2
BRDA:406,0,0,2
BRDA:406,0,1,0
BRDA:406,0,2,1
BRDA:406,0,3,1
BRDA:413,0,0,0
BRDA:413,0,1,2
BRDA:419,0,0,0
BRDA:419,0,1,2
BRF:100
BRH:83
DA:79,8709
DA:81,8709
DA:82,8709
DA:83,8709
DA:94,2060
DA:97,2060
DA:98,2060
DA:99,2060
DA:100,2060
DA:101,2060
DA:102,2060
DA:104,2060
DA:107,2060
DA:109,4134
DA:110,2074
DA:112,2060
DA:120,2
DA:123,2002
DA:124,2001
DA:125,1
DA:128,1
DA:136,5
DA:138,5
DA:139,5
DA:140,1
DA:144,4
DA:146,2007
DA:147,2003
DA:149,4
DA:150,1
DA:156,51
DA:157,48
DA:160,3
DA:161,3
DA:164,3
DA:165,3
DA:167,1
DA:168,1
DA:169,1
DA:170,1
DA:171,1
DA:172,1
DA:173,1
DA:175,1
DA:176,1
DA:177,1
DA:180,2
DA:181,2
DA:182,2
DA:183,2
DA:186,3
DA:189,14
DA:191,14
DA:193,14
DA:194,14
DA:195,14
DA:196,14
DA:197,14
DA:201,14
DA:202,14
DA:203,14
DA:204,14
DA:205,14
DA:206,14
DA:207,1
DA:211,13
DA:214,13
DA:215,13
DA:219,13
DA:220,13
DA:221,13
DA:222,2
DA:223,2
DA:228,11
DA:229,11
DA:230,11
DA:233,8
DA:234,8
DA:235,8
DA:236,8
DA:237,8
DA:238,7
DA:241,1
DA:242,1
DA:244,3
DA:246,2
DA:248,1
DA:249,1
DA:253,9
DA:254,9
DA:256,1008
DA:257,1008
DA:259,1
DA:260,1
DA:262,1007
DA:263,1007
DA:264,1007
DA:266,8
DA:267,1
DA:268,1
DA:271,7
DA:273,5
DA:274,5
DA:275,1
DA:276,1
DA:279,4
DA:280,4
DA:281,4
DA:282,4
DA:283,4
DA:285,2
DA:287,2
DA:288,2
DA:289,1
DA:290,1
DA:295,5
DA:296,2
DA:297,2
DA:300,3
DA:301,3
DA:302,3
DA:305,3
DA:307,3
DA:308,3
DA:309,3
DA:312,6
DA:314,3
DA:316,3
DA:318,3
DA:319,3
DA:320,1
DA:321,1
DA:325,2
DA:327,2003
DA:328,2001
DA:330,2
DA:331,1
DA:332,1
DA:337,513
DA:338,512
DA:341,1
DA:342,1
DA:344,1
DA:345,1
DA:348,4
DA:350,4
DA:351,4
DA:352,4
DA:354,8
DA:356,4
DA:358,4
DA:360,4
DA:361,4
DA:362,1
DA:363,1
DA:367,3
DA:370,3
DA:373,3
DA:374,3
DA:377,3
DA:378,3
DA:379,1
DA:380,1
DA:384,2
DA:385,1
DA:386,1
DA:389,1
DA:390,1
DA:393,2
DA:395,2
DA:396,2
DA:398,2
DA:401,2
DA:402,2
DA:404,2
DA:406,2
DA:411,2
DA:413,2
DA:414,2
DA:417,2
DA:419,2
DA:420,2
LF:182
LH:182
end_of_record
TN:
SF:/home/cgalant/Source/EspNomad/lib/SyntropicOS/src/syntropic/drivers/syn_soft_i2c.c
FN:11,i2c_delay
FN:17,sda_high
FN:22,sda_low
FN:27,scl_high
FN:37,scl_low
FN:41,syn_soft_i2c_init
FN:55,syn_soft_i2c_start
FN:66,syn_soft_i2c_stop
FN:78,syn_soft_i2c_write
FN:104,syn_soft_i2c_read
FN:134,syn_soft_i2c_write_read
FNDA:5,syn_soft_i2c_read
FNDA:189,scl_high
FNDA:177,scl_low
FNDA:6,syn_soft_i2c_write_read
FNDA:7,syn_soft_i2c_stop
FNDA:8,syn_soft_i2c_start
FNDA:12,syn_soft_i2c_init
FNDA:13,syn_soft_i2c_write
FNDA:85,sda_high
FNDA:89,sda_low
FNDA:389,i2c_delay
FNF:11
FNH:11
BRDA:12,0,0,389
BRDA:12,0,1,389
BRDA:32,0,0,90009
BRDA:32,0,1,180
BRDA:32,0,2,90000
BRDA:32,0,3,9
BRDA:42,0,0,0
BRDA:42,0,1,12
BRDA:56,0,0,0
BRDA:56,0,1,8
BRDA:67,0,0,0
BRDA:67,0,1,7
BRDA:79,0,0,0
BRDA:79,0,1,13
BRDA:80,0,0,104
BRDA:80,0,1,13
BRDA:81,0,0,32
BRDA:81,0,1,72
BRDA:105,0,0,0
BRDA:105,0,1,5
BRDA:109,0,0,40
BRDA:109,0,1,5
BRDA:113,0,0,8
BRDA:113,0,1,32
BRDA:120,0,0,2
BRDA:120,0,1,3
BRDA:138,0,0,0
BRDA:138,0,1,6
BRDA:141,0,0,4
BRDA:141,0,1,2
BRDA:143,0,0,2
BRDA:143,0,1,2
BRDA:147,0,0,3
BRDA:147,0,1,2
BRDA:148,0,0,0
BRDA:148,0,1,3
BRDA:156,0,0,3
BRDA:156,0,1,1
BRDA:158,0,0,1
BRDA:158,0,1,2
BRDA:162,0,0,3
BRDA:162,0,1,2
BRF:42
BRH:35
DA:11,389
DA:12,778
DA:15,389
DA:17,85
DA:18,85
DA:20,85
DA:22,89
DA:24,89
DA:25,89
DA:27,189
DA:28,189
DA:31,189
DA:32,90189
DA:33,90000
DA:35,189
DA:37,177
DA:38,177
DA:39,177
DA:41,12
DA:42,12
DA:43,12
DA:44,12
DA:45,12
DA:48,12
DA:49,12
DA:51,12
DA:52,12
DA:53,12
DA:55,8
DA:56,8
DA:57,8
DA:58,8
DA:59,8
DA:60,8
DA:61,8
DA:62,8
DA:63,8
DA:66,7
DA:67,7
DA:68,7
DA:69,7
DA:70,7
DA:71,7
DA:72,7
DA:73,7
DA:74,7
DA:75,7
DA:78,13
DA:79,13
DA:80,117
DA:81,104
DA:82,32
DA:84,72
DA:86,104
DA:87,104
DA:88,104
DA:89,104
DA:93,13
DA:94,13
DA:95,13
DA:96,13
DA:97,13
DA:98,13
DA:99,13
DA:101,13
DA:104,5
DA:105,5
DA:106,5
DA:108,5
DA:109,45
DA:110,40
DA:111,40
DA:112,40
DA:113,40
DA:114,8
DA:116,40
DA:120,5
DA:121,2
DA:123,3
DA:125,5
DA:126,5
DA:127,5
DA:128,5
DA:129,5
DA:131,5
DA:134,6
DA:138,6
DA:141,6
DA:142,4
DA:143,4
DA:144,2
DA:145,2
DA:147,5
DA:148,3
DA:149,0
DA:150,0
DA:156,4
DA:157,3
DA:158,3
DA:159,1
DA:160,1
DA:162,5
DA:163,3
DA:167,3
DA:168,3
LF:105
LH:103
end_of_record
TN:
SF:/home/cgalant/Source/EspNomad/lib/SyntropicOS/src/syntropic/drivers/syn_soft_onewire.c
FN:30,ow_delay
FN:42,ow_drive_low
FN:51,ow_release
FN:61,ow_write_bit
FN:83,ow_read_bit
FN:97,syn_soft_onewire_init
FN:109,syn_soft_onewire_reset
FN:128,syn_soft_onewire_write_byte
FN:138,syn_soft_onewire_read_byte
FN:151,syn_soft_onewire_write_rom
FN:162,syn_soft_onewire_read_rom
FNDA:1,syn_soft_onewire_read_rom
FNDA:1,syn_soft_onewire_write_rom
FNDA:80,ow_write_bit
FNDA:8,syn_soft_onewire_init
FNDA:2,syn_soft_onewire_reset
FNDA:162,ow_release
FNDA:80,ow_read_bit
FNDA:406,ow_delay
FNDA:162,ow_drive_low
FNDA:10,syn_soft_onewire_write_byte
FNDA:10,syn_soft_onewire_read_byte
FNF:11
FNH:11
BRDA:33,0,0,13120
BRDA:33,0,1,406
BRDA:63,0,0,19
BRDA:63,0,1,61
BRDA:91,0,0,72
BRDA:91,0,1,8
BRDA:101,0,0,0
BRDA:101,0,1,8
BRDA:111,0,0,0
BRDA:111,0,1,2
BRDA:120,0,0,1
BRDA:120,0,1,1
BRDA:130,0,0,0
BRDA:130,0,1,10
BRDA:132,0,0,80
BRDA:132,0,1,10
BRDA:140,0,0,0
BRDA:140,0,1,10
BRDA:143,0,0,80
BRDA:143,0,1,10
BRDA:144,0,0,72
BRDA:144,0,1,8
BRDA:154,0,0,0
BRDA:154,0,1,1
BRDA:155,0,0,0
BRDA:155,0,1,1
BRDA:157,0,0,8
BRDA:157,0,1,1
BRDA:165,0,0,0
BRDA:165,0,1,1
BRDA:166,0,0,0
BRDA:166,0,1,1
BRDA:168,0,0,8
BRDA:168,0,1,1
BRF:34
BRH:26
DA:30,406
DA:32,406
DA:33,13526
DA:36,406
DA:42,162
DA:44,162
DA:45,162
DA:51,162
DA:53,162
DA:54,162
DA:61,80
DA:63,80
DA:65,19
DA:66,19
DA:67,19
DA:68,19
DA:71,61
DA:72,61
DA:73,61
DA:74,61
DA:76,80
DA:83,80
DA:86,80
DA:87,80
DA:88,80
DA:90,80
DA:91,80
DA:93,80
DA:94,80
DA:97,8
DA:101,8
DA:102,8
DA:103,8
DA:105,8
DA:106,8
DA:107,8
DA:109,2
DA:111,2
DA:114,2
DA:115,2
DA:118,2
DA:119,2
DA:120,2
DA:123,2
DA:125,2
DA:128,10
DA:130,10
DA:132,90
DA:133,80
DA:134,80
DA:136,10
DA:138,10
DA:140,10
DA:141,10
DA:143,90
DA:144,80
DA:145,72
DA:148,10
DA:151,1
DA:154,1
DA:155,1
DA:157,9
DA:158,8
DA:160,1
DA:162,1
DA:165,1
DA:166,1
DA:168,9
DA:169,8
DA:171,1
LF:70
LH:70
end_of_record
TN:
SF:/home/cgalant/Source/EspNomad/lib/SyntropicOS/src/syntropic/drivers/syn_soft_spi.c
FN:11,spi_delay
FN:17,syn_soft_spi_init
FN:43,syn_soft_spi_transfer
FN:77,syn_soft_spi_transfer_bulk
FN:90,syn_soft_spi_set_cs
FN:99,syn_soft_spi_select
FN:105,syn_soft_spi_deselect
FNDA:1,syn_soft_spi_transfer_bulk
FNDA:17,syn_soft_spi_transfer
FNDA:408,spi_delay
FNDA:1,syn_soft_spi_set_cs
FNDA:16,syn_soft_spi_init
FNDA:1,syn_soft_spi_deselect
FNDA:1,syn_soft_spi_select
FNF:7
FNH:7
BRDA:12,0,0,144
BRDA:12,0,1,408
BRDA:18,0,0,0
BRDA:18,0,1,16
BRDA:29,0,0,15
BRDA:29,0,1,1
BRDA:29,0,2,2
BRDA:29,0,3,13
BRDA:30,0,0,15
BRDA:30,0,1,1
BRDA:30,0,2,2
BRDA:30,0,3,13
BRDA:49,0,0,136
BRDA:49,0,1,17
BRDA:50,0,0,112
BRDA:50,0,1,24
BRDA:56,0,0,38
BRDA:56,0,1,74
BRDA:68,0,0,16
BRDA:68,0,1,8
BRDA:78,0,0,0
BRDA:78,0,1,1
BRDA:79,0,0,0
BRDA:79,0,1,1
BRDA:79,0,2,0
BRDA:79,0,3,0
BRDA:81,0,0,3
BRDA:81,0,1,1
BRDA:82,0,0,3
BRDA:82,0,1,0
BRDA:84,0,0,3
BRDA:84,0,1,0
BRDA:91,0,0,0
BRDA:91,0,1,1
BRDA:100,0,0,0
BRDA:100,0,1,1
BRDA:101,0,0,0
BRDA:101,0,1,1
BRDA:106,0,0,0
BRDA:106,0,1,1
BRDA:107,0,0,0
BRDA:107,0,1,1
BRF:42
BRH:30
DA:11,408
DA:12,552
DA:15,408
DA:17,16
DA:18,16
DA:19,16
DA:20,16
DA:21,16
DA:22,16
DA:23,16
DA:25,16
DA:26,16
DA:27,16
DA:29,16
DA:30,16
DA:32,16
DA:33,16
DA:36,16
DA:38,16
DA:40,16
DA:41,16
DA:43,17
DA:44,17
DA:46,17
DA:47,17
DA:49,153
DA:50,136
DA:52,112
DA:53,112
DA:54,112
DA:55,112
DA:56,112
DA:57,38
DA:59,112
DA:60,112
DA:63,24
DA:64,24
DA:65,24
DA:66,24
DA:67,24
DA:68,24
DA:69,16
DA:71,24
DA:74,17
DA:77,1
DA:78,1
DA:79,1
DA:81,4
DA:82,3
DA:83,3
DA:84,3
DA:85,3
DA:88,1
DA:90,1
DA:91,1
DA:92,1
DA:93,1
DA:94,1
DA:96,1
DA:97,1
DA:99,1
DA:100,1
DA:101,1
DA:102,1
DA:105,1
DA:106,1
DA:107,1
DA:108,1
LF:68
LH:68
end_of_record
TN:
SF:/home/cgalant/Source/EspNomad/lib/SyntropicOS/src/syntropic/drivers/syn_uart.c
FN:19,syn_uart_init
FN:40,syn_uart_deinit
FN:56,syn_uart_write_str
FN:75,syn_uart_write
FN:91,syn_uart_read
FN:107,syn_uart_rx_isr_feed
FNDA:2,syn_uart_write_str
FNDA:2,syn_uart_write
FNDA:2,syn_uart_deinit
FNDA:4,syn_uart_rx_isr_feed
FNDA:10,syn_uart_init
FNDA:2,syn_uart_read
FNF:6
FNH:6
BRDA:23,0,0,0
BRDA:23,0,1,10
BRDA:32,0,0,1
BRDA:32,0,1,9
BRDA:42,0,0,0
BRDA:42,0,1,2
BRDA:44,0,0,1
BRDA:44,0,1,1
BRDA:60,0,0,0
BRDA:60,0,1,2
BRDA:61,0,0,0
BRDA:61,0,1,2
BRDA:62,0,0,0
BRDA:62,0,1,2
BRDA:65,0,0,1
BRDA:65,0,1,1
BRDA:80,0,0,0
BRDA:80,0,1,2
BRDA:81,0,0,1
BRDA:81,0,1,1
BRDA:81,0,2,0
BRDA:81,0,3,1
BRDA:82,0,0,0
BRDA:82,0,1,2
BRDA:84,0,0,1
BRDA:84,0,1,1
BRDA:93,0,0,0
BRDA:93,0,1,2
BRDA:94,0,0,0
BRDA:94,0,1,2
BRDA:94,0,2,0
BRDA:94,0,3,0
BRDA:97,0,0,5
BRDA:97,0,1,0
BRDA:99,0,0,2
BRDA:99,0,1,3
BRDA:109,0,0,0
BRDA:109,0,1,4
BRF:38
BRH:24
DA:19,10
DA:23,10
DA:25,10
DA:26,10
DA:28,10
DA:29,10
DA:31,10
DA:32,10
DA:33,1
DA:36,9
DA:37,9
DA:40,2
DA:42,2
DA:44,2
DA:45,1
DA:48,1
DA:49,1
DA:50,1
DA:51,1
DA:53,1
DA:56,2
DA:60,2
DA:61,2
DA:62,2
DA:64,2
DA:65,2
DA:66,1
DA:69,1
DA:75,2
DA:80,2
DA:81,2
DA:82,2
DA:84,2
DA:85,1
DA:88,1
DA:91,2
DA:93,2
DA:94,2
DA:96,2
DA:97,5
DA:99,5
DA:100,2
DA:102,3
DA:104,2
DA:107,4
DA:109,4
DA:110,4
LF:47
LH:47
end_of_record
TN:
SF:/home/cgalant/Source/EspNomad/lib/SyntropicOS/src/syntropic/dsp/syn_biquad.c
FN:19,syn_filter_biquad_init
FN:30,syn_filter_biquad_reset
FN:39,syn_filter_biquad_update
FN:62,syn_filter_biquad_lowpass
FNDA:440,syn_filter_biquad_update
FNDA:5,syn_filter_biquad_reset
FNDA:1,syn_filter_biquad_init
FNDA:2,syn_filter_biquad_lowpass
FNF:4
FNH:4
BRDA:21,0,0,0
BRDA:21,0,1,1
BRDA:32,0,0,0
BRDA:32,0,1,5
BRDA:41,0,0,0
BRDA:41,0,1,440
BRDA:64,0,0,0
BRDA:64,0,1,2
BRDA:65,0,0,0
BRDA:65,0,1,2
BRF:10
BRH:5
DA:19,1
DA:21,1
DA:22,1
DA:23,1
DA:24,1
DA:25,1
DA:26,1
DA:27,1
DA:28,1
DA:30,5
DA:32,5
DA:33,5
DA:34,5
DA:35,5
DA:36,5
DA:37,5
DA:39,440
DA:41,440
DA:44,440
DA:45,440
DA:46,440
DA:47,440
DA:48,440
DA:51,440
DA:54,440
DA:55,440
DA:56,440
DA:57,440
DA:59,440
DA:62,2
DA:64,2
DA:65,2
DA:68,2
DA:70,2
DA:71,2
DA:74,2
DA:75,2
DA:77,2
DA:78,2
DA:79,2
DA:80,2
DA:81,2
DA:82,2
DA:85,2
DA:86,2
DA:87,2
DA:88,2
DA:89,2
DA:91,2
DA:92,2
LF:50
LH:50
end_of_record
TN:
SF:/home/cgalant/Source/EspNomad/lib/SyntropicOS/src/syntropic/dsp/syn_fft.c
FN:35,reverse_bits
FN:52,bit_reverse_sort
FN:80,get_twiddle
FN:102,syn_dsp_fft
FNDA:8,syn_dsp_fft
FNDA:5,bit_reverse_sort
FNDA:384,reverse_bits
FNDA:379,get_twiddle
FNF:4
FNH:4
BRDA:38,0,0,2688
BRDA:38,0,1,384
BRDA:54,0,0,384
BRDA:54,0,1,5
BRDA:56,0,0,168
BRDA:56,0,1,216
BRDA:86,0,0,0
BRDA:86,0,1,379
BRDA:89,0,0,192
BRDA:89,0,1,187
BRDA:104,0,0,0
BRDA:104,0,1,8
BRDA:105,0,0,0
BRDA:105,0,1,8
BRDA:108,0,0,7
BRDA:108,0,1,1
BRDA:108,0,2,6
BRDA:108,0,3,1
BRDA:108,0,4,1
BRDA:108,0,5,5
BRDA:115,0,0,28
BRDA:115,0,1,5
BRDA:124,0,0,28
BRDA:124,0,1,5
BRDA:128,0,0,379
BRDA:128,0,1,28
BRDA:132,0,0,1344
BRDA:132,0,1,379
BRF:28
BRH:25
DA:35,384
DA:37,384
DA:38,3072
DA:39,2688
DA:40,2688
DA:42,384
DA:52,5
DA:54,389
DA:55,384
DA:56,384
DA:58,168
DA:59,168
DA:60,168
DA:62,168
DA:63,168
DA:64,168
DA:67,5
DA:80,379
DA:82,379
DA:83,379
DA:84,379
DA:86,379
DA:89,379
DA:90,192
DA:91,192
DA:93,187
DA:94,187
DA:97,379
DA:98,379
DA:99,379
DA:102,8
DA:104,8
DA:105,8
DA:108,8
DA:109,3
DA:113,5
DA:114,5
DA:115,33
DA:116,28
DA:117,28
DA:121,5
DA:124,33
DA:125,28
DA:126,28
DA:128,407
DA:130,379
DA:132,1723
DA:133,1344
DA:134,1344
DA:137,1344
DA:138,1344
DA:141,1344
DA:142,1344
DA:145,1344
DA:146,1344
DA:151,5
LF:56
LH:56
end_of_record
TN:
SF:/home/cgalant/Source/EspNomad/lib/SyntropicOS/src/syntropic/dsp/syn_filter.c
FN:21,syn_filter_ma_init
FN:30,syn_filter_ma_update
FN:49,syn_filter_ma_reset
FN:61,syn_filter_ema_init
FN:70,syn_filter_ema_update
FN:88,syn_filter_ema_reset
FN:101,syn_filter_median_init
FN:110,syn_filter_median_update
FN:140,syn_filter_median_reset
FNDA:17,syn_filter_median_update
FNDA:10,syn_filter_ma_update
FNDA:1,syn_filter_ma_reset
FNDA:5,syn_filter_median_init
FNDA:9,syn_filter_ema_update
FNDA:4,syn_filter_ema_init
FNDA:3,syn_filter_ma_init
FNDA:1,syn_filter_median_reset
FNDA:1,syn_filter_ema_reset
FNF:9
FNH:9
BRDA:23,0,0,0
BRDA:23,0,1,3
BRDA:24,0,0,3
BRDA:24,0,1,0
BRDA:24,0,2,0
BRDA:24,0,3,3
BRDA:32,0,0,0
BRDA:32,0,1,10
BRDA:34,0,0,1
BRDA:34,0,1,9
BRDA:51,0,0,0
BRDA:51,0,1,1
BRDA:63,0,0,0
BRDA:63,0,1,4
BRDA:72,0,0,0
BRDA:72,0,1,9
BRDA:74,0,0,5
BRDA:74,0,1,4
BRDA:90,0,0,0
BRDA:90,0,1,1
BRDA:103,0,0,0
BRDA:103,0,1,5
BRDA:104,0,0,5
BRDA:104,0,1,0
BRDA:104,0,2,0
BRDA:104,0,3,5
BRDA:112,0,0,0
BRDA:112,0,1,17
BRDA:117,0,0,17
BRDA:117,0,1,0
BRDA:127,0,0,20
BRDA:127,0,1,17
BRDA:130,0,0,26
BRDA:130,0,1,0
BRDA:130,0,2,6
BRDA:130,0,3,20
BRDA:142,0,0,0
BRDA:142,0,1,1
BRF:38
BRH:23
DA:21,3
DA:23,3
DA:24,3
DA:26,3
DA:27,3
DA:28,3
DA:30,10
DA:32,10
DA:34,10
DA:36,1
DA:38,9
DA:42,10
DA:43,10
DA:44,10
DA:46,10
DA:49,1
DA:51,1
DA:52,1
DA:53,1
DA:54,1
DA:55,1
DA:61,4
DA:63,4
DA:65,4
DA:66,4
DA:67,4
DA:68,4
DA:70,9
DA:72,9
DA:74,9
DA:76,5
DA:77,5
DA:78,5
DA:82,4
DA:83,4
DA:85,4
DA:88,1
DA:90,1
DA:91,1
DA:92,1
DA:93,1
DA:94,1
DA:95,1
DA:101,5
DA:103,5
DA:104,5
DA:106,5
DA:107,5
DA:108,5
DA:110,17
DA:112,17
DA:115,17
DA:116,17
DA:117,17
DA:118,17
DA:123,17
DA:124,17
DA:127,37
DA:128,20
DA:129,20
DA:130,26
DA:131,6
DA:132,6
DA:134,20
DA:137,17
DA:140,1
DA:142,1
DA:143,1
DA:144,1
DA:145,1
DA:146,1
LF:71
LH:71
end_of_record
TN:
SF:/home/cgalant/Source/EspNomad/lib/SyntropicOS/src/syntropic/dsp/syn_signal.c
FN:28,syn_signal_init
FN:40,syn_signal_push
FN:58,syn_signal_clear
FN:72,recompute_minmax
FN:100,syn_signal_min
FN:107,syn_signal_max
FN:116,syn_signal_variance_q16
FN:149,syn_signal_latest
FN:156,syn_signal_at
FN:171,syn_signal_delta
FNDA:2,syn_signal_variance_q16
FNDA:2,syn_signal_latest
FNDA:5,syn_signal_min
FNDA:25,syn_signal_push
FNDA:1,syn_signal_delta
FNDA:1,syn_signal_clear
FNDA:2,syn_signal_at
FNDA:5,syn_signal_max
FNDA:10,recompute_minmax
FNDA:6,syn_signal_init
FNF:10
FNH:10
BRDA:30,0,0,0
BRDA:30,0,1,6
BRDA:31,0,0,0
BRDA:31,0,1,6
BRDA:32,0,0,0
BRDA:32,0,1,6
BRDA:43,0,0,3
BRDA:43,0,1,22
BRDA:53,0,0,2
BRDA:53,0,1,23
BRDA:74,0,0,4
BRDA:74,0,1,6
BRDA:74,0,2,0
BRDA:74,0,3,4
BRDA:82,0,0,2
BRDA:82,0,1,2
BRDA:88,0,0,20
BRDA:88,0,1,4
BRDA:91,0,0,6
BRDA:91,0,1,14
BRDA:92,0,0,18
BRDA:92,0,1,2
BRDA:102,0,0,0
BRDA:102,0,1,5
BRDA:109,0,0,0
BRDA:109,0,1,5
BRDA:118,0,0,0
BRDA:118,0,1,2
BRDA:124,0,0,1
BRDA:124,0,1,1
BRDA:131,0,0,9
BRDA:131,0,1,2
BRDA:141,0,0,0
BRDA:141,0,1,2
BRDA:142,0,0,0
BRDA:142,0,1,2
BRDA:151,0,0,0
BRDA:151,0,1,2
BRDA:152,0,0,0
BRDA:152,0,1,2
BRDA:158,0,0,0
BRDA:158,0,1,2
BRDA:161,0,0,2
BRDA:161,0,1,0
BRDA:173,0,0,0
BRDA:173,0,1,1
BRDA:175,0,0,0
BRDA:175,0,1,1
BRDA:176,0,0,0
BRDA:176,0,1,1
BRF:50
BRH:34
DA:28,6
DA:30,6
DA:31,6
DA:32,6
DA:34,6
DA:35,6
DA:36,6
DA:37,6
DA:38,6
DA:40,25
DA:43,25
DA:44,3
DA:46,22
DA:49,25
DA:50,25
DA:52,25
DA:53,25
DA:55,25
DA:56,25
DA:58,1
DA:60,1
DA:61,1
DA:62,1
DA:63,1
DA:64,1
DA:72,10
DA:74,10
DA:76,4
DA:77,4
DA:82,4
DA:83,2
DA:85,2
DA:88,24
DA:89,20
DA:90,20
DA:91,20
DA:92,20
DA:95,4
DA:96,4
DA:97,4
DA:100,5
DA:102,5
DA:103,5
DA:104,5
DA:107,5
DA:109,5
DA:110,5
DA:111,5
DA:116,2
DA:118,2
DA:120,2
DA:122,2
DA:124,2
DA:125,1
DA:127,1
DA:131,11
DA:132,9
DA:133,9
DA:134,9
DA:138,2
DA:141,2
DA:142,2
DA:144,2
DA:149,2
DA:151,2
DA:152,2
DA:153,2
DA:156,2
DA:158,2
DA:161,2
DA:162,2
DA:164,0
DA:167,2
DA:168,2
DA:171,1
DA:173,1
DA:175,1
DA:176,1
DA:178,1
LF:79
LH:78
end_of_record
TN:
SF:/home/cgalant/Source/EspNomad/lib/SyntropicOS/src/syntropic/dsp/syn_signal.h
FN:88,syn_signal_count
FN:98,syn_signal_full
FN:122,syn_signal_peak_to_peak
FN:133,syn_signal_mean
FN:144,syn_signal_sum
FNDA:1,syn_signal_sum
FNDA:5,syn_signal_mean
FNDA:8,syn_signal_count
FNDA:2,syn_signal_full
FNDA:1,syn_signal_peak_to_peak
FNF:5
FNH:5
BRDA:124,0,0,0
BRDA:124,0,1,1
BRDA:135,0,0,2
BRDA:135,0,1,3
BRF:4
BRH:3
DA:88,8
DA:90,8
DA:98,2
DA:100,2
DA:122,1
DA:124,1
DA:125,1
DA:133,5
DA:135,5
DA:136,3
DA:144,1
DA:146,1
LF:12
LH:12
end_of_record
TN:
SF:/home/cgalant/Source/EspNomad/lib/SyntropicOS/src/syntropic/input/syn_button.c
FN:37,button_read_raw
FN:53,button_fire_event
FN:68,action_start_debounce
FN:79,action_bounce_back
FN:90,action_confirm_press
FN:105,action_release
FN:120,action_long_press
FN:153,syn_button_init
FN:175,syn_button_on_press
FN:181,syn_button_on_release
FN:187,syn_button_on_long_press
FN:195,syn_button_on_repeat
FN:205,syn_button_update
FN:254,syn_button_service
FNDA:8,action_start_debounce
FNDA:2,action_long_press
FNDA:16,button_fire_event
FNDA:2,syn_button_on_repeat
FNDA:2,syn_button_on_long_press
FNDA:27,button_read_raw
FNDA:3,action_release
FNDA:6,syn_button_on_press
FNDA:1,action_bounce_back
FNDA:27,syn_button_update
FNDA:2,syn_button_on_release
FNDA:6,syn_button_init
FNDA:7,action_confirm_press
FNDA:3,syn_button_service
FNF:14
FNH:14
BRDA:40,0,0,4
BRDA:40,0,1,23
BRDA:57,0,0,15
BRDA:57,0,1,1
BRDA:158,0,0,0
BRDA:158,0,1,6
BRDA:207,0,0,0
BRDA:207,0,1,27
BRDA:215,0,0,10
BRDA:215,0,1,17
BRDA:215,0,2,8
BRDA:215,0,3,2
BRDA:217,0,0,8
BRDA:217,0,1,11
BRDA:218,0,0,1
BRDA:218,0,1,7
BRDA:220,0,0,7
BRDA:220,0,1,0
BRDA:223,0,0,5
BRDA:223,0,1,6
BRDA:224,0,0,1
BRDA:224,0,1,4
BRDA:228,0,0,2
BRDA:228,0,1,2
BRDA:228,0,2,2
BRDA:228,0,3,0
BRDA:232,0,0,3
BRDA:232,0,1,1
BRDA:233,0,0,2
BRDA:233,0,1,1
BRDA:239,0,0,4
BRDA:239,0,1,2
BRDA:240,0,0,2
BRDA:240,0,1,2
BRDA:244,0,0,2
BRDA:244,0,1,0
BRDA:245,0,0,2
BRDA:245,0,1,0
BRDA:256,0,0,0
BRDA:256,0,1,3
BRDA:256,0,2,0
BRDA:256,0,3,0
BRDA:258,0,0,4
BRDA:258,0,1,3
BRF:44
BRH:35
DA:37,27
DA:39,27
DA:40,27
DA:41,4
DA:43,23
DA:53,16
DA:56,16
DA:57,16
DA:58,15
DA:60,16
DA:68,8
DA:70,8
DA:71,8
DA:72,8
DA:73,8
DA:79,1
DA:81,1
DA:82,1
DA:83,1
DA:84,1
DA:90,7
DA:92,7
DA:93,7
DA:94,7
DA:95,7
DA:97,7
DA:99,7
DA:105,3
DA:107,3
DA:108,3
DA:109,3
DA:110,3
DA:112,3
DA:114,3
DA:120,2
DA:122,2
DA:123,2
DA:124,2
DA:126,2
DA:128,2
DA:153,6
DA:158,6
DA:160,6
DA:161,6
DA:162,6
DA:163,6
DA:164,6
DA:165,6
DA:166,6
DA:168,6
DA:170,6
DA:171,6
DA:175,6
DA:177,6
DA:178,6
DA:179,6
DA:181,2
DA:183,2
DA:184,2
DA:185,2
DA:187,2
DA:190,2
DA:191,2
DA:192,2
DA:193,2
DA:195,2
DA:198,2
DA:199,2
DA:200,2
DA:201,2
DA:205,27
DA:207,27
DA:209,27
DA:210,27
DA:211,27
DA:212,27
DA:215,27
DA:216,8
DA:217,19
DA:218,8
DA:219,1
DA:220,7
DA:221,7
DA:223,11
DA:224,5
DA:225,1
DA:228,4
DA:229,2
DA:232,4
DA:233,3
DA:234,2
DA:235,2
DA:239,6
DA:240,4
DA:241,2
DA:244,2
DA:245,2
DA:246,2
DA:247,2
DA:252,27
DA:254,3
DA:256,3
DA:258,7
DA:259,4
DA:261,3
LF:105
LH:105
end_of_record
TN:
SF:/home/cgalant/Source/EspNomad/lib/SyntropicOS/src/syntropic/input/syn_button.h
FN:198,syn_button_is_pressed
FN:221,syn_button_poll_events
FNDA:2,syn_button_poll_events
FNDA:5,syn_button_is_pressed
FNF:2
FNH:2
DA:198,5
DA:200,5
DA:221,2
DA:223,2
DA:224,2
DA:225,2
LF:6
LH:6
end_of_record
TN:
SF:/home/cgalant/Source/EspNomad/lib/SyntropicOS/src/syntropic/input/syn_encoder.c
FN:34,syn_encoder_init
FN:51,syn_encoder_set_steps_per_detent
FN:59,syn_encoder_update
FN:95,syn_encoder_get_delta
FN:109,syn_encoder_set_stats
FNDA:1,syn_encoder_set_stats
FNDA:3,syn_encoder_init
FNDA:5,syn_encoder_get_delta
FNDA:17,syn_encoder_update
FNDA:2,syn_encoder_set_steps_per_detent
FNF:5
FNH:5
BRDA:38,0,0,0
BRDA:38,0,1,3
BRDA:53,0,0,0
BRDA:53,0,1,2
BRDA:54,0,0,0
BRDA:54,0,1,2
BRDA:61,0,0,0
BRDA:61,0,1,17
BRDA:67,0,0,0
BRDA:67,0,1,17
BRDA:74,0,0,0
BRDA:74,0,1,17
BRDA:78,0,0,9
BRDA:78,0,1,8
BRDA:83,0,0,1
BRDA:83,0,1,7
BRDA:87,0,0,1
BRDA:87,0,1,6
BRDA:97,0,0,0
BRDA:97,0,1,5
BRDA:102,0,0,1
BRDA:102,0,1,4
BRDA:111,0,0,0
BRDA:111,0,1,1
BRF:24
BRH:16
DA:34,3
DA:38,3
DA:40,3
DA:41,3
DA:42,3
DA:43,3
DA:46,3
DA:47,3
DA:48,3
DA:49,3
DA:51,2
DA:53,2
DA:54,2
DA:55,2
DA:56,2
DA:57,2
DA:59,17
DA:61,17
DA:63,17
DA:64,17
DA:65,17
DA:67,17
DA:69,17
DA:70,17
DA:72,17
DA:74,17
DA:76,17
DA:78,17
DA:79,9
DA:80,9
DA:82,8
DA:83,8
DA:84,1
DA:85,1
DA:86,1
DA:87,7
DA:88,1
DA:89,1
DA:90,1
DA:95,5
DA:97,5
DA:98,5
DA:99,5
DA:102,5
DA:103,1
DA:106,5
DA:109,1
DA:111,1
DA:112,1
DA:113,1
LF:50
LH:50
end_of_record
TN:
SF:/home/cgalant/Source/EspNomad/lib/SyntropicOS/src/syntropic/input/syn_encoder.h
FN:121,syn_encoder_position
FN:131,syn_encoder_set_position
FNDA:2,syn_encoder_set_position
FNDA:6,syn_encoder_position
FNF:2
FNH:2
DA:121,6
DA:123,6
DA:131,2
DA:133,2
DA:134,2
LF:5
LH:5
end_of_record
TN:
SF:/home/cgalant/Source/EspNomad/lib/SyntropicOS/src/syntropic/log/syn_datalog.c
FN:10,syn_datalog_init
FN:19,syn_datalog_write
FN:43,syn_datalog_read
FNDA:9,syn_datalog_write
FNDA:7,syn_datalog_init
FNDA:6,syn_datalog_read
FNF:3
FNH:3
BRDA:11,0,0,0
BRDA:11,0,1,7
BRDA:12,0,0,0
BRDA:12,0,1,7
BRDA:13,0,0,0
BRDA:13,0,1,7
BRDA:20,0,0,0
BRDA:20,0,1,9
BRDA:21,0,0,0
BRDA:21,0,1,9
BRDA:21,0,2,0
BRDA:21,0,3,0
BRDA:26,0,0,1
BRDA:26,0,1,8
BRDA:36,0,0,8
BRDA:36,0,1,0
BRDA:44,0,0,0
BRDA:44,0,1,6
BRDA:45,0,0,0
BRDA:45,0,1,6
BRDA:46,0,0,0
BRDA:46,0,1,6
BRDA:48,0,0,1
BRDA:48,0,1,5
BRDA:59,0,0,0
BRDA:59,0,1,5
BRDA:66,0,0,1
BRDA:66,0,1,4
BRDA:78,0,0,4
BRDA:78,0,1,0
BRF:30
BRH:17
DA:10,7
DA:11,7
DA:12,7
DA:13,7
DA:15,7
DA:16,7
DA:17,7
DA:19,9
DA:20,9
DA:21,9
DA:23,9
DA:26,9
DA:27,1
DA:28,1
DA:32,8
DA:33,8
DA:36,8
DA:37,8
DA:40,8
DA:43,6
DA:44,6
DA:45,6
DA:46,6
DA:48,6
DA:49,1
DA:59,5
DA:61,0
DA:64,5
DA:66,5
DA:72,1
DA:76,4
DA:78,4
DA:79,4
DA:82,4
LF:34
LH:33
end_of_record
TN:
SF:/home/cgalant/Source/EspNomad/lib/SyntropicOS/src/syntropic/log/syn_datalog.h
FN:73,syn_datalog_get_dropped
FNDA:3,syn_datalog_get_dropped
FNF:1
FNH:1
DA:73,3
DA:74,3
LF:2
LH:2
end_of_record
TN:
SF:/home/cgalant/Source/EspNomad/lib/SyntropicOS/src/syntropic/log/syn_log.c
FN:51,syn_log_init
FN:57,syn_log_set_level
FN:62,syn_log_get_level
FN:67,syn_log_va
FN:158,syn_log
FN:166,syn_log_raw
FN:174,syn_log_hexdump
FNDA:37,syn_log_va
FNDA:37,syn_log
FNDA:6,syn_log_init
FNDA:2,syn_log_set_level
FNDA:2,syn_log_hexdump
FNDA:1,syn_log_get_level
FNDA:2,syn_log_raw
FNF:7
FNH:7
BRDA:69,0,0,0
BRDA:69,0,1,37
BRDA:73,0,0,2
BRDA:73,0,1,35
BRDA:83,0,0,34
BRDA:83,0,1,1
BRDA:86,0,0,34
BRDA:86,0,1,0
BRDA:98,0,0,35
BRDA:98,0,1,0
BRDA:99,0,0,175
BRDA:99,0,1,35
BRDA:108,0,0,34
BRDA:108,0,1,1
BRDA:110,0,0,34
BRDA:110,0,1,1
BRDA:110,0,2,33
BRDA:110,0,3,1
BRDA:113,0,0,0
BRDA:113,0,1,33
BRDA:124,0,0,35
BRDA:124,0,1,0
BRDA:126,0,0,0
BRDA:126,0,1,35
BRDA:142,0,0,0
BRDA:142,0,1,35
BRDA:152,0,0,0
BRDA:152,0,1,35
BRDA:168,0,0,2
BRDA:168,0,1,0
BRDA:168,0,2,1
BRDA:168,0,3,1
BRDA:176,0,0,2
BRDA:176,0,1,0
BRDA:176,0,2,1
BRDA:176,0,3,1
BRDA:184,0,0,2
BRDA:184,0,1,1
BRDA:196,0,0,32
BRDA:196,0,1,2
BRDA:197,0,0,20
BRDA:197,0,1,12
BRDA:207,0,0,2
BRDA:207,0,1,30
BRDA:214,0,0,21
BRDA:214,0,1,1
BRDA:214,0,2,20
BRDA:214,0,3,1
BRDA:216,0,0,10
BRDA:216,0,1,10
BRDA:216,0,2,10
BRDA:216,0,3,0
BRF:52
BRH:41
DA:51,6
DA:53,6
DA:54,6
DA:55,6
DA:57,2
DA:59,2
DA:60,2
DA:62,1
DA:64,1
DA:67,37
DA:69,37
DA:70,2
DA:73,37
DA:74,2
DA:78,35
DA:79,35
DA:83,35
DA:84,34
DA:85,34
DA:86,34
DA:93,35
DA:95,35
DA:96,35
DA:97,35
DA:98,35
DA:99,210
DA:100,35
DA:101,35
DA:102,35
DA:108,35
DA:109,35
DA:110,35
DA:111,33
DA:112,33
DA:113,33
DA:114,33
DA:116,35
DA:117,35
DA:123,35
DA:124,35
DA:125,35
DA:126,35
DA:140,35
DA:141,35
DA:142,35
DA:143,35
DA:144,35
DA:152,35
DA:153,35
DA:155,35
DA:158,37
DA:161,37
DA:162,37
DA:163,37
DA:164,37
DA:166,2
DA:168,2
DA:169,1
DA:171,1
DA:174,2
DA:176,2
DA:177,1
DA:180,1
DA:182,1
DA:184,3
DA:185,2
DA:189,2
DA:190,2
DA:191,2
DA:192,2
DA:196,34
DA:197,32
DA:198,20
DA:199,20
DA:200,20
DA:201,20
DA:203,12
DA:204,12
DA:205,12
DA:207,32
DA:208,2
DA:213,2
DA:214,22
DA:215,20
DA:216,20
DA:218,2
DA:219,2
DA:220,2
DA:222,2
DA:224,2
LF:90
LH:90
end_of_record
TN:
SF:/home/cgalant/Source/EspNomad/lib/SyntropicOS/src/syntropic/motor/syn_actuator.c
FN:26,pct_to_adc
FN:38,adc_to_pct
FN:50,syn_actuator_init
FN:90,syn_actuator_set_position
FN:103,syn_actuator_update
FN:113,syn_actuator_stop
FN:120,syn_actuator_clear_stall
FNDA:5,pct_to_adc
FNDA:3,syn_actuator_update
FNDA:1,syn_actuator_clear_stall
FNDA:2,syn_actuator_init
FNDA:5,syn_actuator_set_position
FNDA:5,adc_to_pct
FNDA:1,syn_actuator_stop
FNF:7
FNH:7
BRDA:40,0,0,0
BRDA:40,0,1,5
BRDA:43,0,0,0
BRDA:43,0,1,5
BRDA:44,0,0,0
BRDA:44,0,1,5
BRDA:52,0,0,0
BRDA:52,0,1,2
BRDA:53,0,0,0
BRDA:53,0,1,2
BRDA:54,0,0,0
BRDA:54,0,1,2
BRDA:55,0,0,0
BRDA:55,0,1,2
BRDA:69,0,0,2
BRDA:69,0,1,0
BRDA:92,0,0,0
BRDA:92,0,1,5
BRDA:94,0,0,1
BRDA:94,0,1,4
BRDA:95,0,0,1
BRDA:95,0,1,4
BRDA:105,0,0,0
BRDA:105,0,1,3
BRDA:115,0,0,0
BRDA:115,0,1,1
BRDA:122,0,0,0
BRDA:122,0,1,1
BRF:28
BRH:16
DA:26,5
DA:28,10
DA:29,5
DA:38,5
DA:40,5
DA:42,5
DA:43,5
DA:44,5
DA:45,5
DA:50,2
DA:52,2
DA:53,2
DA:54,2
DA:55,2
DA:57,2
DA:58,2
DA:59,2
DA:60,2
DA:64,2
DA:65,2
DA:66,2
DA:67,2
DA:68,2
DA:69,2
DA:70,2
DA:71,2
DA:72,2
DA:73,2
DA:74,2
DA:75,2
DA:76,2
DA:77,2
DA:78,2
DA:79,2
DA:80,2
DA:82,2
DA:85,2
DA:86,2
DA:87,2
DA:88,2
DA:90,5
DA:92,5
DA:94,5
DA:95,5
DA:97,5
DA:99,5
DA:100,5
DA:101,5
DA:103,3
DA:105,3
DA:107,3
DA:108,3
DA:110,3
DA:113,1
DA:115,1
DA:116,1
DA:117,1
DA:118,1
DA:120,1
DA:122,1
DA:123,1
DA:124,1
LF:62
LH:62
end_of_record
TN:
SF:/home/cgalant/Source/EspNomad/lib/SyntropicOS/src/syntropic/motor/syn_actuator.h
FN:122,syn_actuator_position
FN:144,syn_actuator_is_stalled
FNDA:1,syn_actuator_is_stalled
FNDA:4,syn_actuator_position
FNF:2
FNH:2
DA:122,4
DA:124,4
DA:144,1
DA:146,1
LF:4
LH:4
end_of_record
TN:
SF:/home/cgalant/Source/EspNomad/lib/SyntropicOS/src/syntropic/motor/syn_dc_motor.c
FN:25,clamp_speed
FN:36,apply_speed
FN:90,dc_output_set
FN:100,dc_output_coast
FN:109,dc_output_brake
FN:116,syn_dc_motor_init
FN:131,syn_dc_motor_set_duty_callback
FN:140,syn_dc_motor_set_speed
FN:150,syn_dc_motor_ramp_to
FN:173,syn_dc_motor_update
FN:203,syn_dc_motor_coast
FN:213,syn_dc_motor_brake
FN:223,syn_dc_motor_set_duty_max
FN:232,syn_dc_motor_output
FNDA:18,syn_dc_motor_output
FNDA:100,dc_output_set
FNDA:13,dc_output_coast
FNDA:2,syn_dc_motor_set_duty_callback
FNDA:2,syn_dc_motor_brake
FNDA:0,syn_dc_motor_set_duty_max
FNDA:26,syn_dc_motor_init
FNDA:7,syn_dc_motor_update
FNDA:1,dc_output_brake
FNDA:14,syn_dc_motor_coast
FNDA:7,syn_dc_motor_ramp_to
FNDA:127,apply_speed
FNDA:131,clamp_speed
FNDA:121,syn_dc_motor_set_speed
FNF:14
FNH:13
BRDA:27,0,0,1
BRDA:27,0,1,130
BRDA:28,0,0,1
BRDA:28,0,1,129
BRDA:40,0,0,1
BRDA:40,0,1,126
BRDA:42,0,0,110
BRDA:42,0,1,17
BRDA:44,0,0,122
BRDA:44,0,1,5
BRDA:44,0,2,0
BRDA:49,0,0,2
BRDA:49,0,1,120
BRDA:60,0,0,3
BRDA:60,0,1,2
BRDA:61,0,0,1
BRDA:61,0,1,2
BRDA:70,0,0,1
BRDA:70,0,1,1
BRDA:119,0,0,0
BRDA:119,0,1,26
BRDA:135,0,0,0
BRDA:135,0,1,2
BRDA:142,0,0,0
BRDA:142,0,1,121
BRDA:153,0,0,0
BRDA:153,0,1,7
BRDA:157,0,0,1
BRDA:157,0,1,6
BRDA:167,0,0,2
BRDA:167,0,1,4
BRDA:167,0,2,2
BRDA:167,0,3,0
BRDA:168,0,0,1
BRDA:168,0,1,1
BRDA:175,0,0,0
BRDA:175,0,1,7
BRDA:177,0,0,6
BRDA:177,0,1,1
BRDA:177,0,2,0
BRDA:177,0,3,6
BRDA:181,0,0,1
BRDA:181,0,1,5
BRDA:186,0,0,1
BRDA:186,0,1,4
BRDA:187,0,0,1
BRDA:187,0,1,0
BRDA:192,0,0,3
BRDA:192,0,1,2
BRDA:192,0,2,2
BRDA:192,0,3,1
BRDA:193,0,0,2
BRDA:193,0,1,2
BRDA:193,0,2,1
BRDA:193,0,3,1
BRDA:205,0,0,0
BRDA:205,0,1,14
BRDA:215,0,0,0
BRDA:215,0,1,2
BRDA:225,0,0,-
BRDA:225,0,1,-
BRDA:226,0,0,-
BRDA:226,0,1,-
BRF:63
BRH:48
DA:25,131
DA:27,131
DA:28,130
DA:29,129
DA:36,127
DA:38,127
DA:39,127
DA:40,127
DA:42,127
DA:44,127
DA:45,122
DA:47,122
DA:49,122
DA:50,2
DA:53,120
DA:56,122
DA:58,5
DA:60,5
DA:61,3
DA:62,1
DA:63,1
DA:65,2
DA:67,2
DA:70,2
DA:71,1
DA:72,1
DA:74,1
DA:75,1
DA:79,5
DA:81,127
DA:90,100
DA:92,100
DA:93,100
DA:94,100
DA:100,13
DA:102,13
DA:103,13
DA:109,1
DA:111,1
DA:112,1
DA:116,26
DA:119,26
DA:121,26
DA:122,26
DA:123,26
DA:124,26
DA:125,26
DA:127,26
DA:128,26
DA:129,26
DA:131,2
DA:135,2
DA:136,2
DA:137,2
DA:138,2
DA:140,121
DA:142,121
DA:143,121
DA:144,121
DA:145,121
DA:146,121
DA:147,121
DA:148,121
DA:150,7
DA:153,7
DA:154,7
DA:155,7
DA:157,7
DA:158,1
DA:159,1
DA:160,1
DA:161,1
DA:164,6
DA:166,6
DA:167,6
DA:168,2
DA:170,6
DA:173,7
DA:175,7
DA:177,7
DA:179,6
DA:180,6
DA:181,6
DA:183,5
DA:185,5
DA:186,5
DA:187,1
DA:190,5
DA:192,5
DA:193,4
DA:194,2
DA:195,2
DA:197,3
DA:200,5
DA:203,14
DA:205,14
DA:206,14
DA:207,14
DA:208,14
DA:209,14
DA:210,14
DA:211,14
DA:213,2
DA:215,2
DA:216,2
DA:217,2
DA:218,2
DA:219,2
DA:220,2
DA:221,2
DA:223,0
DA:225,0
DA:226,0
DA:227,0
DA:228,0
DA:229,0
DA:230,0
DA:232,18
DA:234,18
DA:240,18
LF:120
LH:113
end_of_record
TN:
SF:/home/cgalant/Source/EspNomad/lib/SyntropicOS/src/syntropic/motor/syn_dc_motor.h
FN:156,syn_dc_motor_get_speed
FN:166,syn_dc_motor_at_target
FNDA:4,syn_dc_motor_at_target
FNDA:14,syn_dc_motor_get_speed
FNF:2
FNH:2
DA:156,14
DA:158,14
DA:166,4
DA:168,4
LF:4
LH:4
end_of_record
TN:
SF:/home/cgalant/Source/EspNomad/lib/SyntropicOS/src/syntropic/motor/syn_motor_ctrl.c
FN:45,apply_output
FN:56,stop_motor
FN:67,brake_motor
FN:79,read_position
FN:89,limits_enabled
FN:101,at_limit
FN:115,syn_motor_ctrl_init
FN:154,syn_motor_ctrl_set_output
FN:177,syn_motor_ctrl_set_velocity
FN:194,syn_motor_ctrl_set_position
FN:217,syn_motor_ctrl_set_trajectory
FN:237,syn_motor_ctrl_move_to
FN:279,syn_motor_ctrl_move_to_scurve
FN:328,syn_motor_ctrl_stop
FN:343,syn_motor_ctrl_estop
FN:358,syn_motor_ctrl_update
FN:630,syn_motor_ctrl_on_stall
FN:638,syn_motor_ctrl_on_target
FN:646,syn_motor_ctrl_set_gains
FN:653,syn_motor_ctrl_set_ff_gains
FN:661,syn_motor_ctrl_clear_stall
FN:675,syn_motor_ctrl_set_datalog
FN:681,syn_motor_ctrl_reset_metrics
FN:693,isqrt
FN:707,syn_motor_ctrl_rms_error
FNDA:8,syn_motor_ctrl_set_trajectory
FNDA:1,syn_motor_ctrl_reset_metrics
FNDA:38,syn_motor_ctrl_init
FNDA:1,syn_motor_ctrl_set_datalog
FNDA:3,syn_motor_ctrl_clear_stall
FNDA:3,brake_motor
FNDA:116,limits_enabled
FNDA:102,at_limit
FNDA:1,syn_motor_ctrl_on_stall
FNDA:14,syn_motor_ctrl_set_position
FNDA:3,syn_motor_ctrl_estop
FNDA:112,syn_motor_ctrl_update
FNDA:1,syn_motor_ctrl_set_ff_gains
FNDA:3,syn_motor_ctrl_rms_error
FNDA:34,stop_motor
FNDA:1,syn_motor_ctrl_move_to_scurve
FNDA:11,syn_motor_ctrl_set_velocity
FNDA:1,syn_motor_ctrl_on_target
FNDA:3,syn_motor_ctrl_set_gains
FNDA:1,syn_motor_ctrl_set_output
FNDA:2,syn_motor_ctrl_move_to
FNDA:180,read_position
FNDA:102,apply_output
FNDA:26,syn_motor_ctrl_stop
FNDA:2,isqrt
FNF:25
FNH:25
BRDA:47,0,0,101
BRDA:47,0,1,1
BRDA:58,0,0,14
BRDA:58,0,1,20
BRDA:69,0,0,2
BRDA:69,0,1,1
BRDA:91,0,0,97
BRDA:91,0,1,19
BRDA:91,0,2,0
BRDA:91,0,3,97
BRDA:103,0,0,92
BRDA:103,0,1,10
BRDA:106,0,0,9
BRDA:106,0,1,1
BRDA:106,0,2,1
BRDA:106,0,3,8
BRDA:108,0,0,0
BRDA:108,0,1,9
BRDA:108,0,2,0
BRDA:108,0,3,0
BRDA:118,0,0,0
BRDA:118,0,1,38
BRDA:119,0,0,0
BRDA:119,0,1,38
BRDA:120,0,0,0
BRDA:120,0,1,38
BRDA:121,0,0,0
BRDA:121,0,1,38
BRDA:156,0,0,0
BRDA:156,0,1,1
BRDA:159,0,0,0
BRDA:159,0,1,1
BRDA:160,0,0,0
BRDA:160,0,1,1
BRDA:179,0,0,0
BRDA:179,0,1,11
BRDA:196,0,0,0
BRDA:196,0,1,14
BRDA:199,0,0,9
BRDA:199,0,1,5
BRDA:200,0,0,0
BRDA:200,0,1,9
BRDA:201,0,0,1
BRDA:201,0,1,8
BRDA:220,0,0,0
BRDA:220,0,1,8
BRDA:221,0,0,0
BRDA:221,0,1,8
BRDA:228,0,0,2
BRDA:228,0,1,6
BRDA:228,0,2,0
BRDA:228,0,3,2
BRDA:240,0,0,0
BRDA:240,0,1,2
BRDA:241,0,0,0
BRDA:241,0,1,2
BRDA:242,0,0,0
BRDA:242,0,1,2
BRDA:245,0,0,2
BRDA:245,0,1,0
BRDA:245,0,2,0
BRDA:245,0,3,2
BRDA:246,0,0,-
BRDA:246,0,1,-
BRDA:247,0,0,-
BRDA:247,0,1,-
BRDA:257,0,0,0
BRDA:257,0,1,2
BRDA:258,0,0,0
BRDA:258,0,1,2
BRDA:283,0,0,0
BRDA:283,0,1,1
BRDA:284,0,0,0
BRDA:284,0,1,1
BRDA:285,0,0,0
BRDA:285,0,1,1
BRDA:286,0,0,0
BRDA:286,0,1,1
BRDA:289,0,0,1
BRDA:289,0,1,0
BRDA:289,0,2,0
BRDA:289,0,3,1
BRDA:290,0,0,-
BRDA:290,0,1,-
BRDA:291,0,0,-
BRDA:291,0,1,-
BRDA:304,0,0,1
BRDA:304,0,1,0
BRDA:305,0,0,1
BRDA:305,0,1,0
BRDA:306,0,0,1
BRDA:306,0,1,0
BRDA:330,0,0,0
BRDA:330,0,1,26
BRDA:345,0,0,0
BRDA:345,0,1,3
BRDA:360,0,0,0
BRDA:360,0,1,112
BRDA:362,0,0,108
BRDA:362,0,1,4
BRDA:362,0,2,1
BRDA:362,0,3,107
BRDA:368,0,0,5
BRDA:368,0,1,102
BRDA:380,0,0,1
BRDA:380,0,1,106
BRDA:386,0,0,11
BRDA:386,0,1,95
BRDA:400,0,0,0
BRDA:400,0,1,11
BRDA:407,0,0,20
BRDA:407,0,1,86
BRDA:416,0,0,0
BRDA:416,0,1,20
BRDA:424,0,0,45
BRDA:424,0,1,61
BRDA:425,0,0,23
BRDA:425,0,1,22
BRDA:425,0,2,0
BRDA:425,0,3,23
BRDA:428,0,0,13
BRDA:428,0,1,9
BRDA:436,0,0,3
BRDA:436,0,1,19
BRDA:437,0,0,2
BRDA:437,0,1,20
BRDA:444,0,0,43
BRDA:444,0,1,63
BRDA:453,0,0,18
BRDA:453,0,1,45
BRDA:455,0,0,4
BRDA:455,0,1,14
BRDA:456,0,0,4
BRDA:456,0,1,0
BRDA:464,0,0,1
BRDA:464,0,1,3
BRDA:487,0,0,2
BRDA:487,0,1,100
BRDA:491,0,0,2
BRDA:491,0,1,100
BRDA:496,0,0,4
BRDA:496,0,1,98
BRDA:500,0,0,0
BRDA:500,0,1,4
BRDA:502,0,0,1
BRDA:502,0,1,3
BRDA:502,0,2,1
BRDA:502,0,3,0
BRDA:505,0,0,1
BRDA:505,0,1,3
BRDA:505,0,2,1
BRDA:505,0,3,0
BRDA:513,0,0,1
BRDA:513,0,1,101
BRDA:521,0,0,1
BRDA:521,0,1,0
BRDA:529,0,0,101
BRDA:529,0,1,0
BRDA:538,0,0,1
BRDA:538,0,1,100
BRDA:545,0,0,0
BRDA:545,0,1,1
BRDA:562,0,0,35
BRDA:562,0,1,66
BRDA:567,0,0,40
BRDA:567,0,1,61
BRDA:571,0,0,58
BRDA:571,0,1,43
BRDA:576,0,0,3
BRDA:576,0,1,55
BRDA:576,0,2,2
BRDA:576,0,3,1
BRDA:583,0,0,37
BRDA:583,0,1,64
BRDA:584,0,0,11
BRDA:584,0,1,26
BRDA:592,0,0,39
BRDA:592,0,1,62
BRDA:596,0,0,29
BRDA:596,0,1,10
BRDA:597,0,0,25
BRDA:597,0,1,4
BRDA:598,0,0,5
BRDA:598,0,1,20
BRDA:601,0,0,3
BRDA:601,0,1,17
BRDA:611,0,0,1
BRDA:611,0,1,2
BRDA:617,0,0,1
BRDA:617,0,1,2
BRDA:633,0,0,0
BRDA:633,0,1,1
BRDA:641,0,0,0
BRDA:641,0,1,1
BRDA:649,0,0,0
BRDA:649,0,1,3
BRDA:656,0,0,0
BRDA:656,0,1,1
BRDA:663,0,0,0
BRDA:663,0,1,3
BRDA:664,0,0,1
BRDA:664,0,1,2
BRDA:677,0,0,0
BRDA:677,0,1,1
BRDA:683,0,0,0
BRDA:683,0,1,1
BRDA:695,0,0,1
BRDA:695,0,1,1
BRDA:697,0,0,7
BRDA:697,0,1,1
BRDA:699,0,0,6
BRDA:699,0,1,1
BRDA:701,0,0,2
BRDA:701,0,1,4
BRDA:709,0,0,0
BRDA:709,0,1,3
BRDA:710,0,0,1
BRDA:710,0,1,2
BRF:218
BRH:156
DA:45,102
DA:47,102
DA:48,101
DA:50,102
DA:56,34
DA:58,34
DA:59,14
DA:61,34
DA:67,3
DA:69,3
DA:70,2
DA:72,3
DA:79,180
DA:81,180
DA:89,116
DA:91,116
DA:101,102
DA:103,102
DA:106,10
DA:108,9
DA:110,9
DA:115,38
DA:118,38
DA:119,38
DA:120,38
DA:121,38
DA:123,38
DA:124,38
DA:126,38
DA:127,38
DA:128,38
DA:129,38
DA:130,38
DA:131,38
DA:132,38
DA:136,38
DA:138,38
DA:139,38
DA:140,38
DA:141,38
DA:142,38
DA:143,38
DA:144,38
DA:145,38
DA:146,38
DA:147,38
DA:148,38
DA:149,38
DA:151,38
DA:154,1
DA:156,1
DA:159,1
DA:160,1
DA:162,1
DA:163,1
DA:164,1
DA:165,1
DA:166,1
DA:167,1
DA:168,1
DA:169,1
DA:170,1
DA:172,1
DA:173,1
DA:174,1
DA:175,1
DA:177,11
DA:179,11
DA:181,11
DA:182,11
DA:183,11
DA:184,11
DA:185,11
DA:186,11
DA:187,11
DA:189,11
DA:190,11
DA:191,11
DA:192,11
DA:194,14
DA:196,14
DA:199,14
DA:200,9
DA:201,9
DA:204,14
DA:205,14
DA:206,14
DA:207,14
DA:208,14
DA:209,14
DA:210,14
DA:212,14
DA:213,14
DA:214,14
DA:215,14
DA:217,8
DA:220,8
DA:221,8
DA:223,8
DA:224,8
DA:225,8
DA:228,8
DA:229,6
DA:230,6
DA:231,6
DA:232,6
DA:233,6
DA:234,6
DA:236,8
DA:237,2
DA:240,2
DA:241,2
DA:242,2
DA:245,2
DA:246,0
DA:247,0
DA:254,2
DA:255,2
DA:256,2
DA:257,2
DA:258,2
DA:261,2
DA:262,2
DA:263,2
DA:266,2
DA:267,2
DA:268,2
DA:269,2
DA:270,2
DA:271,2
DA:273,2
DA:274,2
DA:275,2
DA:276,2
DA:277,2
DA:279,1
DA:283,1
DA:284,1
DA:285,1
DA:286,1
DA:289,1
DA:290,0
DA:291,0
DA:300,1
DA:301,1
DA:302,1
DA:303,1
DA:304,1
DA:305,1
DA:306,1
DA:308,1
DA:309,1
DA:310,1
DA:311,1
DA:313,1
DA:314,1
DA:315,1
DA:316,1
DA:317,1
DA:318,1
DA:319,1
DA:320,1
DA:322,1
DA:323,1
DA:324,1
DA:325,1
DA:326,1
DA:328,26
DA:330,26
DA:331,26
DA:332,26
DA:333,26
DA:334,26
DA:335,26
DA:336,26
DA:337,26
DA:338,26
DA:339,26
DA:340,26
DA:341,26
DA:343,3
DA:345,3
DA:346,3
DA:347,3
DA:348,3
DA:349,3
DA:350,3
DA:351,3
DA:352,3
DA:353,3
DA:354,3
DA:355,3
DA:356,3
DA:358,112
DA:360,112
DA:362,112
DA:363,5
DA:366,107
DA:367,107
DA:368,107
DA:371,107
DA:372,107
DA:373,107
DA:374,107
DA:377,107
DA:380,107
DA:381,1
DA:382,1
DA:386,106
DA:387,11
DA:388,11
DA:389,11
DA:390,11
DA:391,11
DA:392,11
DA:393,11
DA:395,11
DA:396,11
DA:397,11
DA:398,11
DA:400,11
DA:401,0
DA:407,106
DA:408,20
DA:409,20
DA:411,20
DA:412,20
DA:413,20
DA:414,20
DA:416,20
DA:417,0
DA:423,106
DA:424,106
DA:425,45
DA:426,44
DA:427,13
DA:428,22
DA:429,22
DA:430,22
DA:434,22
DA:435,22
DA:436,22
DA:437,22
DA:439,106
DA:444,106
DA:446,43
DA:450,63
DA:453,63
DA:454,18
DA:455,18
DA:456,4
DA:457,4
DA:458,4
DA:459,4
DA:460,4
DA:461,4
DA:462,4
[...]
BRDA:24,0,0,-
BRDA:24,0,1,-
BRDA:27,0,0,-
BRDA:27,0,1,-
BRF:8
BRH:3
DA:12,88
DA:14,88
DA:15,6
DA:18,6
DA:19,6
DA:22,0
DA:24,0
DA:26,0
DA:27,0
DA:28,0
DA:29,0
LF:11
LH:5
end_of_record
TN:
SF:/home/cgalant/Source/EspNomad/lib/SyntropicOS/src/syntropic/util/syn_pack.h
FN:49,syn_pack_u8
FN:60,syn_pack_i8
FN:71,syn_pack_u16
FN:83,syn_pack_i16
FN:94,syn_pack_u32
FN:108,syn_pack_i32
FN:120,syn_pack_bytes
FN:135,syn_unpack_u8
FN:146,syn_unpack_i8
FN:157,syn_unpack_u16
FN:171,syn_unpack_i16
FN:182,syn_unpack_u32
FN:198,syn_unpack_i32
FN:210,syn_unpack_bytes
FN:225,syn_pack_u16_le
FN:248,syn_pack_u32_le
FN:275,syn_unpack_u16_le
FN:300,syn_unpack_u32_le
FN:340,syn_peek_u16
FNDA:1,syn_pack_bytes
FNDA:1,syn_unpack_i8
FNDA:1,syn_pack_u32
FNDA:1,syn_pack_i16
FNDA:1,syn_pack_u32_le
FNDA:1,syn_unpack_u8
FNDA:1,syn_pack_u16_le
FNDA:1,syn_pack_i32
FNDA:3,syn_pack_u16
FNDA:1,syn_unpack_i32
FNDA:1,syn_unpack_i16
FNDA:1,syn_pack_i8
FNDA:1,syn_peek_u16
FNDA:2,syn_unpack_u16
FNDA:1,syn_unpack_u16_le
FNDA:1,syn_unpack_u32_le
FNDA:1,syn_pack_u8
FNDA:1,syn_unpack_u32
FNDA:1,syn_unpack_bytes
FNF:19
FNH:19
DA:49,1
DA:51,1
DA:52,1
DA:60,1
DA:62,1
DA:63,1
DA:71,3
DA:73,3
DA:74,3
DA:75,3
DA:83,1
DA:85,1
DA:86,1
DA:94,1
DA:96,1
DA:97,1
DA:98,1
DA:99,1
DA:100,1
DA:108,1
DA:110,1
DA:111,1
DA:120,1
DA:123,1
DA:124,1
DA:125,1
DA:135,1
DA:137,1
DA:146,1
DA:148,1
DA:157,2
DA:159,2
DA:160,2
DA:161,2
DA:162,2
DA:171,1
DA:173,1
DA:182,1
DA:184,1
DA:185,1
DA:186,1
DA:187,1
DA:188,1
DA:189,1
DA:198,1
DA:200,1
DA:210,1
DA:213,1
DA:214,1
DA:215,1
DA:225,1
DA:227,1
DA:228,1
DA:229,1
DA:248,1
DA:250,1
DA:251,1
DA:252,1
DA:253,1
DA:254,1
DA:275,1
DA:277,1
DA:278,1
DA:279,1
DA:280,1
DA:300,1
DA:302,1
DA:303,1
DA:304,1
DA:305,1
DA:306,1
DA:307,1
DA:340,1
DA:342,1
LF:74
LH:74
end_of_record
TN:
SF:/home/cgalant/Source/EspNomad/lib/SyntropicOS/src/syntropic/util/syn_pingpong.h
FN:58,syn_pingpong_init
FN:75,syn_pingpong_active
FN:85,syn_pingpong_ready_buf
FN:95,syn_pingpong_ready
FN:108,syn_pingpong_swap
FN:118,syn_pingpong_consume
FN:128,syn_pingpong_size
FNDA:1,syn_pingpong_consume
FNDA:1,syn_pingpong_init
FNDA:2,syn_pingpong_swap
FNDA:3,syn_pingpong_ready
FNDA:3,syn_pingpong_ready_buf
FNDA:5,syn_pingpong_active
FNDA:1,syn_pingpong_size
FNF:7
FNH:7
DA:58,1
DA:63,1
DA:64,1
DA:65,1
DA:66,1
DA:67,1
DA:68,1
DA:75,5
DA:77,5
DA:85,3
DA:87,3
DA:95,3
DA:97,3
DA:108,2
DA:110,2
DA:111,2
DA:112,2
DA:118,1
DA:120,1
DA:121,1
DA:128,1
DA:130,1
LF:22
LH:22
end_of_record
TN:
SF:/home/cgalant/Source/EspNomad/lib/SyntropicOS/src/syntropic/util/syn_pool.h
FN:87,syn_pool_init
FN:126,syn_pool_alloc
FN:154,syn_pool_free
FN:172,syn_pool_available
FN:183,syn_pool_used
FN:194,syn_pool_high_watermark
FN:205,syn_pool_block_size
FN:216,syn_pool_block_count
FNDA:4,syn_pool_high_watermark
FNDA:1,syn_pool_block_count
FNDA:17,syn_pool_alloc
FNDA:5,syn_pool_used
FNDA:9,syn_pool_init
FNDA:7,syn_pool_free
FNDA:4,syn_pool_block_size
FNDA:5,syn_pool_available
FNF:8
FNH:8
BRDA:90,0,0,0
BRDA:90,0,1,9
BRDA:91,0,0,0
BRDA:91,0,1,9
BRDA:94,0,0,1
BRDA:94,0,1,8
BRDA:102,0,0,0
BRDA:102,0,1,9
BRDA:113,0,0,70
BRDA:113,0,1,9
BRDA:128,0,0,0
BRDA:128,0,1,17
BRDA:130,0,0,1
BRDA:130,0,1,16
BRDA:139,0,0,15
BRDA:139,0,1,1
BRDA:156,0,0,0
BRDA:156,0,1,7
BRDA:157,0,0,1
BRDA:157,0,1,6
BRDA:163,0,0,0
BRDA:163,0,1,6
BRDA:174,0,0,0
BRDA:174,0,1,5
BRDA:185,0,0,0
BRDA:185,0,1,5
BRDA:196,0,0,0
BRDA:196,0,1,4
BRDA:207,0,0,0
BRDA:207,0,1,4
BRDA:218,0,0,0
BRDA:218,0,1,1
BRF:32
BRH:21
DA:87,9
DA:90,9
DA:91,9
DA:94,9
DA:95,1
DA:99,9
DA:101,9
DA:102,9
DA:104,9
DA:105,9
DA:106,9
DA:107,9
DA:108,9
DA:111,9
DA:112,9
DA:113,79
DA:114,70
DA:115,70
DA:116,70
DA:117,70
DA:119,9
DA:126,17
DA:128,17
DA:130,17
DA:131,1
DA:135,16
DA:136,16
DA:138,16
DA:139,16
DA:140,15
DA:143,16
DA:154,7
DA:156,7
DA:157,7
DA:160,6
DA:161,6
DA:163,6
DA:164,6
DA:172,5
DA:174,5
DA:175,5
DA:183,5
DA:185,5
DA:186,5
DA:194,4
DA:196,4
DA:197,4
DA:205,4
DA:207,4
DA:208,4
DA:216,1
DA:218,1
DA:219,1
LF:53
LH:53
end_of_record
TN:
SF:/home/cgalant/Source/EspNomad/lib/SyntropicOS/src/syntropic/util/syn_pubsub.c
FN:10,syn_pubsub_init
FN:18,syn_pubsub_subscribe
FN:42,syn_pubsub_unsubscribe
FN:59,syn_pubsub_publish
FNDA:5,syn_pubsub_init
FNDA:14,syn_pubsub_subscribe
FNDA:2,syn_pubsub_unsubscribe
FNDA:6,syn_pubsub_publish
FNF:4
FNH:4
BRDA:11,0,0,0
BRDA:11,0,1,5
BRDA:12,0,0,0
BRDA:12,0,1,5
BRDA:12,0,2,0
BRDA:12,0,3,0
BRDA:19,0,0,0
BRDA:19,0,1,14
BRDA:20,0,0,0
BRDA:20,0,1,14
BRDA:22,0,0,1
BRDA:22,0,1,13
BRDA:27,0,0,12
BRDA:27,0,1,12
BRDA:28,0,0,3
BRDA:28,0,1,9
BRDA:29,0,0,1
BRDA:29,0,1,2
BRDA:30,0,0,1
BRDA:30,0,1,0
BRDA:43,0,0,0
BRDA:43,0,1,2
BRDA:44,0,0,0
BRDA:44,0,1,2
BRDA:46,0,0,2
BRDA:46,0,1,1
BRDA:47,0,0,2
BRDA:47,0,1,0
BRDA:47,0,2,1
BRDA:47,0,3,1
BRDA:50,0,0,1
BRDA:50,0,1,0
BRDA:60,0,0,0
BRDA:60,0,1,6
BRDA:62,0,0,12
BRDA:62,0,1,6
BRDA:63,0,0,6
BRDA:63,0,1,6
BRDA:63,0,2,2
BRDA:63,0,3,4
BRF:40
BRH:28
DA:10,5
DA:11,5
DA:12,5
DA:13,5
DA:14,5
DA:15,5
DA:16,5
DA:18,14
DA:19,14
DA:20,14
DA:22,14
DA:23,1
DA:27,24
DA:28,12
DA:29,3
DA:30,1
DA:31,1
DA:35,12
DA:36,12
DA:37,12
DA:38,12
DA:39,12
DA:42,2
DA:43,2
DA:44,2
DA:46,3
DA:47,2
DA:49,1
DA:50,1
DA:51,1
DA:53,1
DA:56,1
DA:59,6
DA:60,6
DA:62,18
DA:63,12
DA:64,8
DA:67,6
LF:38
LH:38
end_of_record
TN:
SF:/home/cgalant/Source/EspNomad/lib/SyntropicOS/src/syntropic/util/syn_qmath.h
FN:66,q16_mul
FN:77,q16_div
FN:88,q16_add
FN:99,q16_sub
FN:109,q16_abs
FN:120,q16_add_sat
FN:149,q16_lerp
FN:161,q16_clamp
FN:177,q16_sin
FN:206,q16_cos
FNDA:1,q16_add_sat
FNDA:3,q16_clamp
FNDA:6,q16_cos
FNDA:5384,q16_mul
FNDA:13,q16_sin
FNDA:1,q16_sub
FNDA:1,q16_lerp
FNDA:1,q16_add
FNDA:227,q16_abs
FNDA:15,q16_div
FNF:10
FNH:10
BRDA:123,0,0,1
BRDA:123,0,1,0
BRDA:124,0,0,-
BRDA:124,0,1,-
BRDA:163,0,0,1
BRDA:163,0,1,2
BRDA:164,0,0,1
BRDA:164,0,1,1
BRDA:180,0,0,3
BRDA:180,0,1,13
BRDA:181,0,0,0
BRDA:181,0,1,13
BRDA:184,0,0,3
BRDA:184,0,1,10
BRDA:186,0,0,1
BRDA:186,0,1,9
BRF:16
BRH:12
DA:66,5384
DA:68,5384
DA:77,15
DA:79,15
DA:88,1
DA:90,1
DA:99,1
DA:101,1
DA:109,227
DA:111,227
DA:120,1
DA:122,1
DA:123,1
DA:124,0
DA:125,0
DA:149,1
DA:151,1
DA:161,3
DA:163,3
DA:164,2
DA:165,1
DA:177,13
DA:180,16
DA:181,13
DA:184,13
DA:185,3
DA:186,10
DA:187,1
DA:191,13
DA:192,13
DA:193,13
DA:195,13
DA:196,13
DA:198,13
DA:206,6
DA:208,6
LF:36
LH:34
end_of_record
TN:
SF:/home/cgalant/Source/EspNomad/lib/SyntropicOS/src/syntropic/util/syn_ramp.c
FN:17,syn_ramp_init
FN:27,syn_ramp_set_target
FN:40,syn_ramp_set_target_trapezoid
FN:57,syn_ramp_set_target_trapezoid_fp
FN:82,update_linear
FN:111,update_trapezoid
FN:181,syn_ramp_update
FN:195,syn_ramp_jump
FNDA:11,syn_ramp_init
FNDA:284,syn_ramp_update
FNDA:6,syn_ramp_set_target
FNDA:263,update_trapezoid
FNDA:19,update_linear
FNDA:1,syn_ramp_jump
FNDA:3,syn_ramp_set_target_trapezoid_fp
FNDA:4,syn_ramp_set_target_trapezoid
FNF:8
FNH:8
BRDA:19,0,0,0
BRDA:19,0,1,11
BRDA:29,0,0,0
BRDA:29,0,1,6
BRDA:30,0,0,0
BRDA:30,0,1,6
BRDA:43,0,0,0
BRDA:43,0,1,4
BRDA:44,0,0,0
BRDA:44,0,1,4
BRDA:45,0,0,0
BRDA:45,0,1,4
BRDA:61,0,0,0
BRDA:61,0,1,3
BRDA:62,0,0,0
BRDA:62,0,1,3
BRDA:63,0,0,0
BRDA:63,0,1,3
BRDA:64,0,0,0
BRDA:64,0,1,3
BRDA:86,0,0,1
BRDA:86,0,1,18
BRDA:91,0,0,12
BRDA:91,0,1,6
BRDA:115,0,0,1
BRDA:115,0,1,262
BRDA:115,0,2,1
BRDA:115,0,3,0
BRDA:122,0,0,233
BRDA:122,0,1,29
BRDA:133,0,0,262
BRDA:133,0,1,0
BRDA:136,0,0,214
BRDA:136,0,1,48
BRDA:143,0,0,243
BRDA:143,0,1,19
BRDA:143,0,2,0
BRDA:143,0,3,243
BRDA:145,0,0,10
BRDA:145,0,1,9
BRDA:147,0,0,0
BRDA:147,0,1,10
BRDA:148,0,0,9
BRDA:148,0,1,0
BRDA:150,0,0,0
BRDA:150,0,1,9
BRDA:155,0,0,10
BRDA:155,0,1,233
BRDA:160,0,0,214
BRDA:160,0,1,48
BRDA:171,0,0,233
BRDA:171,0,1,29
BRDA:171,0,2,231
BRDA:171,0,3,2
BRDA:171,0,4,29
BRDA:171,0,5,231
BRDA:171,0,6,1
BRDA:171,0,7,28
BRDA:183,0,0,0
BRDA:183,0,1,284
BRDA:185,0,0,2
BRDA:185,0,1,282
BRDA:187,0,0,263
BRDA:187,0,1,19
BRDA:197,0,0,0
BRDA:197,0,1,1
BRF:66
BRH:48
DA:17,11
DA:19,11
DA:21,11
DA:22,11
DA:23,11
DA:24,11
DA:25,11
DA:27,6
DA:29,6
DA:30,6
DA:32,6
DA:33,6
DA:34,6
DA:35,6
DA:36,6
DA:37,6
DA:38,6
DA:40,4
DA:43,4
DA:44,4
DA:45,4
DA:47,4
DA:48,4
DA:49,4
DA:50,4
DA:51,4
DA:52,4
DA:53,4
DA:54,4
DA:55,4
DA:57,3
DA:61,3
DA:62,3
DA:63,3
DA:64,3
DA:66,3
DA:67,3
DA:68,3
DA:69,3
DA:70,3
DA:71,3
DA:72,3
DA:73,3
DA:74,3
DA:82,19
DA:84,19
DA:86,19
DA:87,1
DA:88,1
DA:91,18
DA:92,12
DA:94,6
DA:97,18
DA:98,18
DA:111,263
DA:113,263
DA:115,263
DA:116,1
DA:117,1
DA:118,1
DA:122,262
DA:130,262
DA:131,262
DA:132,262
DA:133,262
DA:134,262
DA:135,262
DA:136,262
DA:137,214
DA:139,48
DA:143,262
DA:145,19
DA:146,10
DA:147,10
DA:148,9
DA:149,9
DA:150,9
DA:154,243
DA:155,243
DA:160,262
DA:161,214
DA:162,214
DA:163,214
DA:164,214
DA:166,48
DA:170,262
DA:171,262
DA:172,3
DA:173,3
DA:174,3
DA:175,3
DA:178,262
DA:181,284
DA:183,284
DA:185,284
DA:187,282
DA:188,263
DA:189,263
DA:190,19
DA:191,19
DA:195,1
DA:197,1
DA:198,1
DA:199,1
DA:200,1
DA:201,1
DA:202,1
DA:203,1
LF:108
LH:108
end_of_record
TN:
SF:/home/cgalant/Source/EspNomad/lib/SyntropicOS/src/syntropic/util/syn_ramp.h
FN:130,syn_ramp_done
FN:140,syn_ramp_value
FNDA:272,syn_ramp_done
FNDA:20,syn_ramp_value
FNF:2
FNH:2
DA:130,272
DA:132,272
DA:140,20
DA:142,20
LF:4
LH:4
end_of_record
TN:
SF:/home/cgalant/Source/EspNomad/lib/SyntropicOS/src/syntropic/util/syn_random.c
FN:10,syn_random_fill
FN:16,syn_random_u32
FN:25,syn_random_range
FN:33,syn_port_random_fill
FN:44,syn_random_fallback_fill
FNDA:0,syn_port_random_fill
FNDA:13,syn_random_fill
FNDA:11,syn_random_u32
FNDA:0,syn_random_fallback_fill
FNDA:9,syn_random_range
FNF:5
FNH:3
BRDA:12,0,0,13
BRDA:12,0,1,0
BRDA:12,0,2,0
BRDA:12,0,3,13
BRDA:19,0,0,11
BRDA:19,0,1,0
BRDA:27,0,0,0
BRDA:27,0,1,9
BRDA:49,0,0,-
BRDA:49,0,1,-
BRF:10
BRH:4
DA:10,13
DA:12,13
DA:13,13
DA:16,11
DA:19,11
DA:20,11
DA:22,0
DA:25,9
DA:27,9
DA:28,9
DA:29,9
DA:33,0
DA:35,0
DA:44,0
DA:46,0
DA:49,0
DA:51,0
DA:52,0
DA:53,0
DA:54,0
DA:57,0
LF:21
LH:10
end_of_record
TN:
SF:/home/cgalant/Source/EspNomad/lib/SyntropicOS/src/syntropic/util/syn_rate_limit.h
FN:46,syn_rate_limit_init
FN:61,syn_rate_limit_allow
FN:93,syn_rate_limit_remaining
FN:102,syn_rate_limit_reset
FNDA:5,syn_rate_limit_allow
FNDA:2,syn_rate_limit_remaining
FNDA:1,syn_rate_limit_reset
FNDA:1,syn_rate_limit_init
FNF:4
FNH:4
BRDA:67,0,0,1
BRDA:67,0,1,4
BRDA:71,0,0,4
BRDA:71,0,1,0
BRDA:74,0,0,0
BRDA:74,0,1,4
BRDA:76,0,0,-
BRDA:76,0,1,-
BRDA:81,0,0,4
BRDA:81,0,1,1
BRF:10
BRH:6
DA:46,1
DA:50,1
DA:51,1
DA:52,1
DA:53,1
DA:54,1
DA:61,5
DA:63,5
DA:64,5
DA:67,5
DA:68,1
DA:69,1
DA:70,1
DA:71,4
DA:73,4
DA:74,4
DA:75,0
DA:76,0
DA:77,0
DA:81,5
DA:82,4
DA:83,4
DA:85,1
DA:93,2
DA:95,2
DA:102,1
DA:104,1
DA:105,1
DA:106,1
LF:29
LH:26
end_of_record
TN:
SF:/home/cgalant/Source/EspNomad/lib/SyntropicOS/src/syntropic/util/syn_ringbuf.c
FN:18,advance
FN:26,syn_ringbuf_init
FN:38,syn_ringbuf_reset
FN:45,syn_ringbuf_put
FN:59,syn_ringbuf_get
FN:73,syn_ringbuf_peek
FN:86,syn_ringbuf_full
FN:92,syn_ringbuf_empty
FN:98,syn_ringbuf_count
FN:111,syn_ringbuf_free
FN:118,syn_ringbuf_write
FN:150,syn_ringbuf_read
FN:182,syn_ringbuf_peek_n
FNDA:5,syn_ringbuf_full
FNDA:2,syn_ringbuf_peek
FNDA:19,syn_ringbuf_get
FNDA:54,syn_ringbuf_free
FNDA:39,syn_ringbuf_write
FNDA:23,syn_ringbuf_read
FNDA:4,syn_ringbuf_reset
FNDA:8,syn_ringbuf_peek_n
FNDA:31,syn_ringbuf_put
FNDA:137,syn_ringbuf_count
FNDA:6,syn_ringbuf_empty
FNDA:52,advance
FNDA:60,syn_ringbuf_init
FNF:13
FNH:13
BRDA:21,0,0,46
BRDA:21,0,1,6
BRDA:28,0,0,0
BRDA:28,0,1,60
BRDA:29,0,0,0
BRDA:29,0,1,60
BRDA:30,0,0,0
BRDA:30,0,1,60
BRDA:40,0,0,0
BRDA:40,0,1,4
BRDA:47,0,0,0
BRDA:47,0,1,31
BRDA:50,0,0,1
BRDA:50,0,1,30
BRDA:61,0,0,0
BRDA:61,0,1,19
BRDA:62,0,0,0
BRDA:62,0,1,19
BRDA:64,0,0,3
BRDA:64,0,1,16
BRDA:75,0,0,0
BRDA:75,0,1,2
BRDA:76,0,0,0
BRDA:76,0,1,2
BRDA:78,0,0,1
BRDA:78,0,1,1
BRDA:88,0,0,0
BRDA:88,0,1,5
BRDA:94,0,0,0
BRDA:94,0,1,6
BRDA:100,0,0,0
BRDA:100,0,1,137
BRDA:105,0,0,133
BRDA:105,0,1,4
BRDA:113,0,0,0
BRDA:113,0,1,54
BRDA:120,0,0,0
BRDA:120,0,1,39
BRDA:121,0,0,0
BRDA:121,0,1,39
BRDA:121,0,2,0
BRDA:121,0,3,0
BRDA:124,0,0,3
BRDA:124,0,1,36
BRDA:127,0,0,1
BRDA:127,0,1,38
BRDA:136,0,0,36
BRDA:136,0,1,2
BRDA:146,0,0,3
BRDA:146,0,1,35
BRDA:152,0,0,0
BRDA:152,0,1,23
BRDA:153,0,0,0
BRDA:153,0,1,23
BRDA:153,0,2,0
BRDA:153,0,3,0
BRDA:156,0,0,4
BRDA:156,0,1,19
BRDA:159,0,0,1
BRDA:159,0,1,22
BRDA:168,0,0,21
BRDA:168,0,1,1
BRDA:178,0,0,1
BRDA:178,0,1,21
BRDA:184,0,0,0
BRDA:184,0,1,8
BRDA:185,0,0,0
BRDA:185,0,1,8
BRDA:185,0,2,0
BRDA:185,0,3,0
BRDA:188,0,0,2
BRDA:188,0,1,6
BRDA:191,0,0,1
BRDA:191,0,1,7
BRDA:200,0,0,6
BRDA:200,0,1,1
BRF:76
BRH:51
DA:18,52
DA:20,52
DA:21,52
DA:26,60
DA:28,60
DA:29,60
DA:30,60
DA:32,60
DA:33,60
DA:34,60
DA:35,60
DA:36,60
DA:38,4
DA:40,4
DA:41,4
DA:42,4
DA:43,4
DA:45,31
DA:47,31
DA:49,31
DA:50,31
DA:51,1
DA:54,30
DA:55,30
DA:56,30
DA:59,19
DA:61,19
DA:62,19
DA:64,19
DA:65,3
DA:68,16
DA:69,16
DA:70,16
DA:73,2
DA:75,2
DA:76,2
DA:78,2
DA:79,1
DA:82,1
DA:83,1
DA:86,5
DA:88,5
DA:89,5
DA:92,6
DA:94,6
DA:95,6
DA:98,137
DA:100,137
DA:102,137
DA:103,137
DA:105,137
DA:106,133
DA:108,4
DA:111,54
DA:113,54
DA:115,54
DA:118,39
DA:120,39
DA:121,39
DA:123,39
DA:124,39
DA:125,3
DA:127,39
DA:128,1
DA:131,38
DA:134,38
DA:136,38
DA:138,36
DA:141,2
DA:142,2
DA:145,38
DA:146,38
DA:147,38
DA:150,23
DA:152,23
DA:153,23
DA:155,23
DA:156,23
DA:157,4
DA:159,23
DA:160,1
DA:163,22
DA:166,22
DA:168,22
DA:170,21
DA:173,1
DA:174,1
DA:177,22
DA:178,22
DA:179,22
DA:182,8
DA:184,8
DA:185,8
DA:187,8
DA:188,8
DA:189,2
DA:191,8
DA:192,1
DA:195,7
DA:198,7
DA:200,7
DA:202,6
DA:205,1
DA:206,1
DA:210,7
LF:105
LH:105
end_of_record
TN:
SF:/home/cgalant/Source/EspNomad/lib/SyntropicOS/src/syntropic/util/syn_scurve.c
FN:12,syn_scurve_init
FN:21,syn_scurve_set_constraints
FN:28,syn_isqrt
FN:40,syn_scurve_set_target
FN:116,syn_scurve_update
FNDA:7,syn_scurve_set_constraints
FNDA:7,syn_scurve_set_target
FNDA:172,syn_scurve_update
FNDA:2,syn_isqrt
FNDA:8,syn_scurve_init
FNF:5
FNH:5
BRDA:13,0,0,0
BRDA:13,0,1,8
BRDA:22,0,0,0
BRDA:22,0,1,7
BRDA:31,0,0,29
BRDA:31,0,1,2
BRDA:32,0,0,3
BRDA:32,0,1,2
BRDA:33,0,0,2
BRDA:33,0,1,1
BRDA:41,0,0,0
BRDA:41,0,1,7
BRDA:45,0,0,1
BRDA:45,0,1,6
BRDA:57,0,0,0
BRDA:57,0,1,6
BRDA:64,0,0,4
BRDA:64,0,1,2
BRDA:69,0,0,0
BRDA:69,0,1,2
BRDA:81,0,0,3
BRDA:81,0,1,3
BRDA:89,0,0,15
BRDA:89,0,1,3
BRDA:89,0,2,15
BRDA:89,0,3,0
BRDA:89,0,4,0
BRDA:89,0,5,0
BRDA:90,0,0,11
BRDA:90,0,1,4
BRDA:91,0,0,4
BRDA:91,0,1,0
BRDA:117,0,0,1
BRDA:117,0,1,171
BRDA:120,0,0,204
BRDA:120,0,1,5
BRDA:120,0,2,38
BRDA:120,0,3,166
BRDA:125,0,0,5
BRDA:125,0,1,166
BRDA:134,0,0,19
BRDA:134,0,1,9
BRDA:134,0,2,19
BRDA:134,0,3,74
BRDA:134,0,4,18
BRDA:134,0,5,9
BRDA:134,0,6,18
BRDA:134,0,7,0
BRF:48
BRH:38
DA:12,8
DA:13,8
DA:14,8
DA:15,8
DA:16,8
DA:17,8
DA:18,8
DA:19,8
DA:21,7
DA:22,7
DA:23,7
DA:24,7
DA:25,7
DA:26,7
DA:28,2
DA:29,2
DA:30,2
DA:31,31
DA:32,5
DA:33,3
DA:34,1
DA:35,3
DA:37,2
DA:40,7
DA:41,7
DA:42,7
DA:43,7
DA:45,7
DA:46,1
DA:47,1
DA:48,1
DA:51,6
DA:52,6
DA:56,6
DA:57,6
DA:61,6
DA:63,6
DA:64,6
DA:65,4
DA:68,2
DA:69,2
DA:70,2
DA:77,6
DA:78,6
DA:80,6
DA:81,6
DA:82,3
DA:89,18
DA:90,15
DA:91,4
DA:92,15
DA:93,15
DA:97,6
DA:98,6
DA:99,6
DA:100,6
DA:101,6
DA:102,6
DA:103,6
DA:109,6
DA:110,6
DA:111,6
DA:112,6
DA:113,6
DA:116,172
DA:117,172
DA:120,209
DA:121,38
DA:122,38
DA:125,171
DA:126,5
DA:127,5
DA:128,5
DA:129,5
DA:130,5
DA:133,166
DA:134,166
DA:135,19
DA:136,9
DA:137,19
DA:138,74
DA:139,18
DA:140,9
DA:141,18
DA:144,166
DA:145,166
DA:146,166
DA:147,166
DA:149,166
DA:150,166
LF:90
LH:90
end_of_record
TN:
SF:/home/cgalant/Source/EspNomad/lib/SyntropicOS/src/syntropic/util/syn_scurve.h
FN:51,syn_scurve_position
FN:58,syn_scurve_velocity
FN:65,syn_scurve_acceleration
FN:72,syn_scurve_done
FNDA:20,syn_scurve_acceleration
FNDA:20,syn_scurve_position
FNDA:20,syn_scurve_done
FNDA:20,syn_scurve_velocity
FNF:4
FNH:4
DA:51,20
DA:58,20
DA:65,20
DA:72,20
LF:4
LH:4
end_of_record
TN:
SF:/home/cgalant/Source/EspNomad/lib/SyntropicOS/src/syntropic/util/syn_sha256.c
FN:56,rotr
FN:68,ch
FN:80,maj
FN:90,sigma0
FN:100,sigma1
FN:110,gamma0
FN:120,gamma1
FN:132,sha256_transform
FN:168,syn_sha256_init
FN:177,syn_sha256_update
FN:221,syn_sha256_final
FNDA:131,syn_sha256_update
FNDA:4416,gamma0
FNDA:5888,sigma1
FNDA:40,syn_sha256_final
FNDA:92,sha256_transform
FNDA:4416,gamma1
FNDA:5888,sigma0
FNDA:5888,ch
FNDA:52992,rotr
FNDA:41,syn_sha256_init
FNDA:5888,maj
FNF:11
FNH:11
BRDA:139,0,0,1472
BRDA:139,0,1,92
BRDA:145,0,0,4416
BRDA:145,0,1,92
BRDA:154,0,0,5888
BRDA:154,0,1,92
BRDA:170,0,0,0
BRDA:170,0,1,41
BRDA:179,0,0,0
BRDA:179,0,1,131
BRDA:180,0,0,130
BRDA:180,0,1,1
BRDA:180,0,2,1
BRDA:180,0,3,129
BRDA:187,0,0,1
BRDA:187,0,1,128
BRDA:193,0,0,58
BRDA:193,0,1,71
BRDA:195,0,0,57
BRDA:195,0,1,1
BRDA:201,0,0,1
BRDA:201,0,1,57
BRDA:208,0,0,47
BRDA:208,0,1,129
BRDA:215,0,0,32
BRDA:215,0,1,97
BRDA:223,0,0,0
BRDA:223,0,1,40
BRDA:224,0,0,0
BRDA:224,0,1,40
BRDA:229,0,0,4
BRDA:229,0,1,36
BRDA:254,0,0,320
BRDA:254,0,1,40
BRF:34
BRH:30
DA:56,52992
DA:58,52992
DA:68,5888
DA:70,5888
DA:80,5888
DA:82,5888
DA:90,5888
DA:92,5888
DA:100,5888
DA:102,5888
DA:110,4416
DA:112,4416
DA:120,4416
DA:122,4416
DA:132,92
DA:139,1564
DA:140,1472
DA:141,1472
DA:142,1472
DA:143,1472
DA:145,4508
DA:146,4416
DA:150,92
DA:151,92
DA:154,5980
DA:155,5888
DA:156,5888
DA:157,5888
DA:158,5888
DA:162,92
DA:163,92
DA:164,92
DA:168,41
DA:170,41
DA:171,41
DA:172,41
DA:173,41
DA:174,41
DA:175,41
DA:177,131
DA:179,131
DA:180,131
DA:182,129
DA:185,129
DA:186,129
DA:187,129
DA:188,1
DA:190,129
DA:193,129
DA:194,58
DA:195,58
DA:196,58
DA:197,58
DA:198,58
DA:199,58
DA:201,58
DA:202,1
DA:203,1
DA:208,176
DA:209,47
DA:210,47
DA:211,47
DA:215,129
DA:216,32
DA:217,32
DA:221,40
DA:223,40
DA:224,40
DA:227,40
DA:229,40
DA:231,4
DA:232,4
DA:233,4
DA:234,4
DA:238,40
DA:241,40
DA:242,40
DA:243,40
DA:244,40
DA:245,40
DA:246,40
DA:247,40
DA:248,40
DA:250,40
DA:254,360
DA:255,320
DA:256,320
DA:257,320
DA:258,320
DA:260,40
LF:90
LH:90
end_of_record
TN:
SF:/home/cgalant/Source/EspNomad/lib/SyntropicOS/src/syntropic/util/syn_sha256.h
FN:99,syn_sha256
FNDA:8,syn_sha256
FNF:1
FNH:1
DA:99,8
DA:103,8
DA:104,8
DA:105,8
DA:106,8
LF:5
LH:5
end_of_record
TN:
SF:/home/cgalant/Source/EspNomad/lib/SyntropicOS/src/syntropic/util/syn_stream.c
FN:18,stream_find_delimiter
FN:34,syn_stream_init
FN:42,syn_stream_set_threshold
FN:47,syn_stream_set_delimiter
FN:53,syn_stream_clear_delimiter
FN:60,syn_stream_write
FN:65,syn_stream_put
FN:72,syn_stream_readable
FN:93,syn_stream_read
FN:98,syn_stream_read_line
FN:116,syn_stream_count
FN:121,syn_stream_free
FN:126,syn_stream_flush
FNDA:9,syn_stream_put
FNDA:13,syn_stream_write
FNDA:16,syn_stream_readable
FNDA:1,syn_stream_clear_delimiter
FNDA:4,syn_stream_read
FNDA:13,syn_stream_count
FNDA:5,syn_stream_read_line
FNDA:7,syn_stream_set_delimiter
FNDA:9,stream_find_delimiter
FNDA:5,syn_stream_free
FNDA:4,syn_stream_set_threshold
FNDA:1,syn_stream_flush
FNDA:17,syn_stream_init
FNF:13
FNH:13
BRDA:24,0,0,62
BRDA:24,0,1,3
BRDA:25,0,0,6
BRDA:25,0,1,56
BRDA:75,0,0,4
BRDA:75,0,1,12
BRDA:80,0,0,5
BRDA:80,0,1,7
BRDA:85,0,0,4
BRDA:85,0,1,3
BRDA:100,0,0,1
BRDA:100,0,1,4
BRDA:107,0,0,1
BRDA:107,0,1,3
BRF:14
BRH:14
DA:18,9
DA:20,9
DA:21,9
DA:22,9
DA:24,65
DA:25,62
DA:26,6
DA:29,3
DA:34,17
DA:36,17
DA:37,17
DA:38,17
DA:39,17
DA:40,17
DA:42,4
DA:44,4
DA:45,4
DA:47,7
DA:49,7
DA:50,7
DA:51,7
DA:53,1
DA:55,1
DA:56,1
DA:60,13
DA:62,13
DA:65,9
DA:67,9
DA:72,16
DA:74,16
DA:75,16
DA:76,4
DA:80,12
DA:81,5
DA:85,7
DA:86,4
DA:90,3
DA:93,4
DA:95,4
DA:98,5
DA:100,5
DA:102,1
DA:106,4
DA:107,4
DA:108,1
DA:112,3
DA:113,3
DA:116,13
DA:118,13
DA:121,5
DA:123,5
DA:126,1
DA:128,1
DA:129,1
LF:54
LH:54
end_of_record
TN:
SF:/home/cgalant/Source/EspNomad/lib/SyntropicOS/src/syntropic/util/syn_timeout.h
FN:54,syn_timeout_start
FN:69,syn_timeout_expired
FN:80,syn_timeout_remaining
FN:91,syn_timeout_elapsed
FN:100,syn_timeout_restart
FN:113,syn_timeout_periodic
FNDA:3,syn_timeout_remaining
FNDA:1,syn_timeout_restart
FNDA:4,syn_timeout_periodic
FNDA:2,syn_timeout_start
FNDA:1,syn_timeout_elapsed
FNDA:8,syn_timeout_expired
FNF:6
FNH:6
BRDA:83,0,0,2
BRDA:83,0,1,1
BRDA:115,0,0,2
BRDA:115,0,1,2
BRF:4
BRH:4
DA:54,2
DA:56,2
DA:57,2
DA:58,2
DA:69,8
DA:71,8
DA:80,3
DA:82,3
DA:83,3
DA:91,1
DA:93,1
DA:100,1
DA:102,1
DA:103,1
DA:113,4
DA:115,4
DA:117,2
DA:118,2
DA:120,2
LF:19
LH:19
end_of_record
